2025-02-22 20:05:41,099 INFO o.a.j.u.JMeterUtils: Setting Locale to en_EN
2025-02-22 20:05:41,117 INFO o.a.j.JMeter: Loading user properties from: /opt/homebrew/Cellar/jmeter/5.6.3/libexec/bin/user.properties
2025-02-22 20:05:41,118 INFO o.a.j.JMeter: Loading system properties from: /opt/homebrew/Cellar/jmeter/5.6.3/libexec/bin/system.properties
2025-02-22 20:05:41,122 INFO o.a.j.JMeter: Copyright (c) 1998-2024 The Apache Software Foundation
2025-02-22 20:05:41,122 INFO o.a.j.JMeter: Version 5.6.3
2025-02-22 20:05:41,122 INFO o.a.j.JMeter: java.version=21.0.6
2025-02-22 20:05:41,122 INFO o.a.j.JMeter: java.vm.name=OpenJDK 64-Bit Server VM
2025-02-22 20:05:41,122 INFO o.a.j.JMeter: os.name=Mac OS X
2025-02-22 20:05:41,122 INFO o.a.j.JMeter: os.arch=aarch64
2025-02-22 20:05:41,122 INFO o.a.j.JMeter: os.version=15.3.1
2025-02-22 20:05:41,122 INFO o.a.j.JMeter: file.encoding=UTF-8
2025-02-22 20:05:41,122 INFO o.a.j.JMeter: java.awt.headless=null
2025-02-22 20:05:41,122 INFO o.a.j.JMeter: Max memory     =1073741824
2025-02-22 20:05:41,122 INFO o.a.j.JMeter: Available Processors =10
2025-02-22 20:05:41,129 INFO o.a.j.JMeter: Default Locale=English (EN)
2025-02-22 20:05:41,130 INFO o.a.j.JMeter: JMeter  Locale=English (EN)
2025-02-22 20:05:41,130 INFO o.a.j.JMeter: JMeterHome=/opt/homebrew/Cellar/jmeter/5.6.3/libexec
2025-02-22 20:05:41,130 INFO o.a.j.JMeter: user.dir  =/Users/hvlopez/uniandes/MISW4202-ArquitecturasAgiles-Grupo018
2025-02-22 20:05:41,130 INFO o.a.j.JMeter: PWD       =/Users/hvlopez/uniandes/MISW4202-ArquitecturasAgiles-Grupo018
2025-02-22 20:05:41,132 INFO o.a.j.JMeter: IP: 127.0.0.1 Name: Hvlopezs-MacBook-Pro.local FullName: localhost
2025-02-22 20:05:41,140 INFO o.a.j.JMeter: Loaded icon properties from org/apache/jmeter/images/icon.properties
2025-02-22 20:05:41,459 INFO o.a.j.JMeterGuiLauncher: Setting LAF to: com.github.weisj.darklaf.DarkLaf:com.github.weisj.darklaf.theme.DarculaTheme
2025-02-22 20:05:42,504 INFO o.a.j.r.ClassFinder: Will scan jar /opt/homebrew/Cellar/jmeter/5.6.3/libexec/lib/ext/jmeter-plugins-manager-1.9.jar with filter ExtendsClassFilter [parents=[interface org.apache.jmeter.gui.action.Command], inner=false, contains=null, notContains=null]. Consider exposing JMeter plugins via META-INF/services, and add JMeter-Skip-Class-Scanning=true manifest attribute so JMeter can skip classfile scanning
2025-02-22 20:05:42,630 INFO o.a.j.r.ClassFinder: Will scan jar /opt/homebrew/Cellar/jmeter/5.6.3/libexec/lib/ext/jmeter-plugins-manager-1.9.jar with filter ExtendsClassFilter [parents=[interface org.apache.jmeter.gui.plugin.MenuCreator], inner=false, contains=null, notContains=null]. Consider exposing JMeter plugins via META-INF/services, and add JMeter-Skip-Class-Scanning=true manifest attribute so JMeter can skip classfile scanning
2025-02-22 20:05:42,711 INFO o.j.r.JARSourceHTTP: Found cached repo
2025-02-22 20:05:42,806 INFO o.j.r.PluginManager: Plugins Status: [jpgc-plugins-manager=1.9, jmeter-core=5.6.3, jmeter-ftp=5.6.3, jmeter-http=5.6.3, jmeter-jdbc=5.6.3, jmeter-jms=5.6.3, jmeter-junit=5.6.3, jmeter-java=5.6.3, jmeter-ldap=5.6.3, jmeter-mail=5.6.3, jmeter-mongodb=5.6.3, jmeter-native=5.6.3, jmeter-tcp=5.6.3, jmeter-components=5.6.3]
2025-02-22 20:05:42,807 INFO o.j.r.PluginManagerMenuItem: Plugins Manager has upgrades: [jpgc-plugins-manager]
2025-02-22 20:05:50,485 INFO o.a.j.s.FileServer: Default base='/Users/hvlopez/uniandes/MISW4202-ArquitecturasAgiles-Grupo018'
2025-02-22 20:05:50,488 INFO o.a.j.g.a.Load: Loading file: /Users/hvlopez/uniandes/MISW4202-ArquitecturasAgiles-Grupo018/Test Plan HU07 - Ubicación camiones.jmx
2025-02-22 20:05:50,488 INFO o.a.j.s.FileServer: Set new base='/Users/hvlopez/uniandes/MISW4202-ArquitecturasAgiles-Grupo018'
2025-02-22 20:05:50,588 INFO o.a.j.s.SaveService: Testplan (JMX) version: 2.2. Testlog (JTL) version: 2.2
2025-02-22 20:05:50,593 INFO o.a.j.s.SaveService: Using SaveService properties version 5.0
2025-02-22 20:05:50,594 INFO o.a.j.s.SaveService: Using SaveService properties file encoding UTF-8
2025-02-22 20:05:50,595 INFO o.a.j.s.SaveService: Loading file: /Users/hvlopez/uniandes/MISW4202-ArquitecturasAgiles-Grupo018/Test Plan HU07 - Ubicación camiones.jmx
2025-02-22 20:05:50,644 INFO o.a.j.p.h.s.HTTPSamplerBase: Parser for text/html is org.apache.jmeter.protocol.http.parser.LagartoBasedHtmlParser
2025-02-22 20:05:50,645 INFO o.a.j.p.h.s.HTTPSamplerBase: Parser for application/xhtml+xml is org.apache.jmeter.protocol.http.parser.LagartoBasedHtmlParser
2025-02-22 20:05:50,645 INFO o.a.j.p.h.s.HTTPSamplerBase: Parser for application/xml is org.apache.jmeter.protocol.http.parser.LagartoBasedHtmlParser
2025-02-22 20:05:50,645 INFO o.a.j.p.h.s.HTTPSamplerBase: Parser for text/xml is org.apache.jmeter.protocol.http.parser.LagartoBasedHtmlParser
2025-02-22 20:05:50,645 INFO o.a.j.p.h.s.HTTPSamplerBase: Parser for text/vnd.wap.wml is org.apache.jmeter.protocol.http.parser.RegexpHTMLParser
2025-02-22 20:05:50,645 INFO o.a.j.p.h.s.HTTPSamplerBase: Parser for text/css is org.apache.jmeter.protocol.http.parser.CssParser
2025-02-22 20:05:50,788 INFO o.a.j.s.SampleResult: Note: Sample TimeStamps are START times
2025-02-22 20:05:50,788 INFO o.a.j.s.SampleResult: sampleresult.default.encoding is set to UTF-8
2025-02-22 20:05:50,788 INFO o.a.j.s.SampleResult: sampleresult.useNanoTime=true
2025-02-22 20:05:50,788 INFO o.a.j.s.SampleResult: sampleresult.nanoThreadSleep=5000
2025-02-22 20:05:50,868 INFO o.a.j.r.ClassFinder: Will scan jar /opt/homebrew/Cellar/jmeter/5.6.3/libexec/lib/ext/jmeter-plugins-manager-1.9.jar with filter ExtendsClassFilter [parents=[interface org.apache.jmeter.visualizers.ResultRenderer], inner=false, contains=null, notContains=null]. Consider exposing JMeter plugins via META-INF/services, and add JMeter-Skip-Class-Scanning=true manifest attribute so JMeter can skip classfile scanning
2025-02-22 20:05:50,881 INFO o.a.j.r.ClassFinder: Will scan jar /opt/homebrew/Cellar/jmeter/5.6.3/libexec/lib/ext/jmeter-plugins-manager-1.9.jar with filter ExtendsClassFilter [parents=[interface org.apache.jmeter.visualizers.RequestView], inner=false, contains=null, notContains=null]. Consider exposing JMeter plugins via META-INF/services, and add JMeter-Skip-Class-Scanning=true manifest attribute so JMeter can skip classfile scanning
2025-02-22 20:05:50,917 INFO o.a.j.s.FileServer: Set new base='/Users/hvlopez/uniandes/MISW4202-ArquitecturasAgiles-Grupo018'
2025-02-22 20:06:03,042 INFO o.a.j.e.StandardJMeterEngine: Running the test!
2025-02-22 20:06:03,043 INFO o.a.j.s.SampleEvent: List of sample_variables: []
2025-02-22 20:06:03,043 INFO o.a.j.s.SampleEvent: List of sample_variables: []
2025-02-22 20:06:03,043 INFO o.a.j.e.u.CompoundVariable: Note: Function class names must contain the string: '.functions.'
2025-02-22 20:06:03,043 INFO o.a.j.e.u.CompoundVariable: Note: Function class names must not contain the string: '.gui.'
2025-02-22 20:06:03,061 INFO o.a.j.r.ClassFinder: Will scan jar /opt/homebrew/Cellar/jmeter/5.6.3/libexec/lib/ext/jmeter-plugins-manager-1.9.jar with filter ExtendsClassFilter [parents=[interface org.apache.jmeter.functions.Function], inner=false, contains=null, notContains=null]. Consider exposing JMeter plugins via META-INF/services, and add JMeter-Skip-Class-Scanning=true manifest attribute so JMeter can skip classfile scanning
2025-02-22 20:06:03,066 INFO o.a.j.g.u.JMeterMenuBar: setRunning(true, *local*)
2025-02-22 20:06:03,089 INFO o.a.j.e.StandardJMeterEngine: Starting ThreadGroup: 1 : Hilos dummy de proceso
2025-02-22 20:06:03,090 INFO o.a.j.e.StandardJMeterEngine: Starting 100 threads for group Hilos dummy de proceso.
2025-02-22 20:06:03,090 INFO o.a.j.e.StandardJMeterEngine: Thread will continue on error
2025-02-22 20:06:03,090 INFO o.a.j.t.ThreadGroup: Starting thread group... number=1 threads=100 ramp-up=12 delayedStart=false
2025-02-22 20:06:03,093 INFO o.a.j.t.JMeterThread: Thread started: Hilos dummy de proceso 1-1
2025-02-22 20:06:03,100 ERROR o.a.j.u.BeanShellInterpreter: Error invoking bsh method: eval	Sourced file: inline evaluation of: ``random = new Random();  latitud = random.nextInt(); longitud = random.nextInt(); . . . '' : Error in method invocation: Method put( java.lang.String, int ) not found in class'org.apache.jmeter.threads.JMeterVariables'
2025-02-22 20:06:03,100 WARN o.a.j.m.BeanShellPreProcessor: Problem in BeanShell script. org.apache.jorphan.util.JMeterException: Error invoking bsh method: eval	Sourced file: inline evaluation of: ``random = new Random();  latitud = random.nextInt(); longitud = random.nextInt(); . . . '' : Error in method invocation: Method put( java.lang.String, int ) not found in class'org.apache.jmeter.threads.JMeterVariables'
2025-02-22 20:06:03,104 INFO o.a.j.p.h.s.HTTPHCAbstractImpl: Local host = Hvlopezs-MacBook-Pro.local
2025-02-22 20:06:03,107 INFO o.a.j.p.h.s.HTTPHC4Impl: HTTP request retry count = 0
2025-02-22 20:06:03,218 INFO o.a.j.t.JMeterThread: Thread started: Hilos dummy de proceso 1-2
2025-02-22 20:06:03,219 ERROR o.a.j.u.BeanShellInterpreter: Error invoking bsh method: eval	Sourced file: inline evaluation of: ``random = new Random();  latitud = random.nextInt(); longitud = random.nextInt(); . . . '' : Error in method invocation: Method put( java.lang.String, int ) not found in class'org.apache.jmeter.threads.JMeterVariables'
2025-02-22 20:06:03,219 WARN o.a.j.m.BeanShellPreProcessor: Problem in BeanShell script. org.apache.jorphan.util.JMeterException: Error invoking bsh method: eval	Sourced file: inline evaluation of: ``random = new Random();  latitud = random.nextInt(); longitud = random.nextInt(); . . . '' : Error in method invocation: Method put( java.lang.String, int ) not found in class'org.apache.jmeter.threads.JMeterVariables'
2025-02-22 20:06:03,233 INFO o.a.j.t.ThreadGroup: Started thread group number 1
2025-02-22 20:06:03,233 INFO o.a.j.e.StandardJMeterEngine: All thread groups have been started
2025-02-22 20:06:03,339 INFO o.a.j.t.JMeterThread: Thread started: Hilos dummy de proceso 1-3
2025-02-22 20:06:03,340 ERROR o.a.j.u.BeanShellInterpreter: Error invoking bsh method: eval	Sourced file: inline evaluation of: ``random = new Random();  latitud = random.nextInt(); longitud = random.nextInt(); . . . '' : Error in method invocation: Method put( java.lang.String, int ) not found in class'org.apache.jmeter.threads.JMeterVariables'
2025-02-22 20:06:03,340 WARN o.a.j.m.BeanShellPreProcessor: Problem in BeanShell script. org.apache.jorphan.util.JMeterException: Error invoking bsh method: eval	Sourced file: inline evaluation of: ``random = new Random();  latitud = random.nextInt(); longitud = random.nextInt(); . . . '' : Error in method invocation: Method put( java.lang.String, int ) not found in class'org.apache.jmeter.threads.JMeterVariables'
2025-02-22 20:06:03,458 INFO o.a.j.t.JMeterThread: Thread started: Hilos dummy de proceso 1-4
2025-02-22 20:06:03,459 ERROR o.a.j.u.BeanShellInterpreter: Error invoking bsh method: eval	Sourced file: inline evaluation of: ``random = new Random();  latitud = random.nextInt(); longitud = random.nextInt(); . . . '' : Error in method invocation: Method put( java.lang.String, int ) not found in class'org.apache.jmeter.threads.JMeterVariables'
2025-02-22 20:06:03,459 WARN o.a.j.m.BeanShellPreProcessor: Problem in BeanShell script. org.apache.jorphan.util.JMeterException: Error invoking bsh method: eval	Sourced file: inline evaluation of: ``random = new Random();  latitud = random.nextInt(); longitud = random.nextInt(); . . . '' : Error in method invocation: Method put( java.lang.String, int ) not found in class'org.apache.jmeter.threads.JMeterVariables'
2025-02-22 20:06:03,579 INFO o.a.j.t.JMeterThread: Thread started: Hilos dummy de proceso 1-5
2025-02-22 20:06:03,581 ERROR o.a.j.u.BeanShellInterpreter: Error invoking bsh method: eval	Sourced file: inline evaluation of: ``random = new Random();  latitud = random.nextInt(); longitud = random.nextInt(); . . . '' : Error in method invocation: Method put( java.lang.String, int ) not found in class'org.apache.jmeter.threads.JMeterVariables'
2025-02-22 20:06:03,581 WARN o.a.j.m.BeanShellPreProcessor: Problem in BeanShell script. org.apache.jorphan.util.JMeterException: Error invoking bsh method: eval	Sourced file: inline evaluation of: ``random = new Random();  latitud = random.nextInt(); longitud = random.nextInt(); . . . '' : Error in method invocation: Method put( java.lang.String, int ) not found in class'org.apache.jmeter.threads.JMeterVariables'
2025-02-22 20:06:03,695 INFO o.a.j.t.JMeterThread: Thread started: Hilos dummy de proceso 1-6
2025-02-22 20:06:03,698 ERROR o.a.j.u.BeanShellInterpreter: Error invoking bsh method: eval	Sourced file: inline evaluation of: ``random = new Random();  latitud = random.nextInt(); longitud = random.nextInt(); . . . '' : Error in method invocation: Method put( java.lang.String, int ) not found in class'org.apache.jmeter.threads.JMeterVariables'
2025-02-22 20:06:03,698 WARN o.a.j.m.BeanShellPreProcessor: Problem in BeanShell script. org.apache.jorphan.util.JMeterException: Error invoking bsh method: eval	Sourced file: inline evaluation of: ``random = new Random();  latitud = random.nextInt(); longitud = random.nextInt(); . . . '' : Error in method invocation: Method put( java.lang.String, int ) not found in class'org.apache.jmeter.threads.JMeterVariables'
2025-02-22 20:06:03,819 INFO o.a.j.t.JMeterThread: Thread started: Hilos dummy de proceso 1-7
2025-02-22 20:06:03,821 ERROR o.a.j.u.BeanShellInterpreter: Error invoking bsh method: eval	Sourced file: inline evaluation of: ``random = new Random();  latitud = random.nextInt(); longitud = random.nextInt(); . . . '' : Error in method invocation: Method put( java.lang.String, int ) not found in class'org.apache.jmeter.threads.JMeterVariables'
2025-02-22 20:06:03,821 WARN o.a.j.m.BeanShellPreProcessor: Problem in BeanShell script. org.apache.jorphan.util.JMeterException: Error invoking bsh method: eval	Sourced file: inline evaluation of: ``random = new Random();  latitud = random.nextInt(); longitud = random.nextInt(); . . . '' : Error in method invocation: Method put( java.lang.String, int ) not found in class'org.apache.jmeter.threads.JMeterVariables'
2025-02-22 20:06:03,936 INFO o.a.j.t.JMeterThread: Thread started: Hilos dummy de proceso 1-8
2025-02-22 20:06:03,938 ERROR o.a.j.u.BeanShellInterpreter: Error invoking bsh method: eval	Sourced file: inline evaluation of: ``random = new Random();  latitud = random.nextInt(); longitud = random.nextInt(); . . . '' : Error in method invocation: Method put( java.lang.String, int ) not found in class'org.apache.jmeter.threads.JMeterVariables'
2025-02-22 20:06:03,938 WARN o.a.j.m.BeanShellPreProcessor: Problem in BeanShell script. org.apache.jorphan.util.JMeterException: Error invoking bsh method: eval	Sourced file: inline evaluation of: ``random = new Random();  latitud = random.nextInt(); longitud = random.nextInt(); . . . '' : Error in method invocation: Method put( java.lang.String, int ) not found in class'org.apache.jmeter.threads.JMeterVariables'
2025-02-22 20:06:04,057 INFO o.a.j.t.JMeterThread: Thread started: Hilos dummy de proceso 1-9
2025-02-22 20:06:04,059 ERROR o.a.j.u.BeanShellInterpreter: Error invoking bsh method: eval	Sourced file: inline evaluation of: ``random = new Random();  latitud = random.nextInt(); longitud = random.nextInt(); . . . '' : Error in method invocation: Method put( java.lang.String, int ) not found in class'org.apache.jmeter.threads.JMeterVariables'
2025-02-22 20:06:04,059 WARN o.a.j.m.BeanShellPreProcessor: Problem in BeanShell script. org.apache.jorphan.util.JMeterException: Error invoking bsh method: eval	Sourced file: inline evaluation of: ``random = new Random();  latitud = random.nextInt(); longitud = random.nextInt(); . . . '' : Error in method invocation: Method put( java.lang.String, int ) not found in class'org.apache.jmeter.threads.JMeterVariables'
2025-02-22 20:06:04,176 INFO o.a.j.t.JMeterThread: Thread started: Hilos dummy de proceso 1-10
2025-02-22 20:06:04,177 ERROR o.a.j.u.BeanShellInterpreter: Error invoking bsh method: eval	Sourced file: inline evaluation of: ``random = new Random();  latitud = random.nextInt(); longitud = random.nextInt(); . . . '' : Error in method invocation: Method put( java.lang.String, int ) not found in class'org.apache.jmeter.threads.JMeterVariables'
2025-02-22 20:06:04,177 WARN o.a.j.m.BeanShellPreProcessor: Problem in BeanShell script. org.apache.jorphan.util.JMeterException: Error invoking bsh method: eval	Sourced file: inline evaluation of: ``random = new Random();  latitud = random.nextInt(); longitud = random.nextInt(); . . . '' : Error in method invocation: Method put( java.lang.String, int ) not found in class'org.apache.jmeter.threads.JMeterVariables'
2025-02-22 20:06:04,298 INFO o.a.j.t.JMeterThread: Thread started: Hilos dummy de proceso 1-11
2025-02-22 20:06:04,304 ERROR o.a.j.u.BeanShellInterpreter: Error invoking bsh method: eval	Sourced file: inline evaluation of: ``random = new Random();  latitud = random.nextInt(); longitud = random.nextInt(); . . . '' : Error in method invocation: Method put( java.lang.String, int ) not found in class'org.apache.jmeter.threads.JMeterVariables'
2025-02-22 20:06:04,304 WARN o.a.j.m.BeanShellPreProcessor: Problem in BeanShell script. org.apache.jorphan.util.JMeterException: Error invoking bsh method: eval	Sourced file: inline evaluation of: ``random = new Random();  latitud = random.nextInt(); longitud = random.nextInt(); . . . '' : Error in method invocation: Method put( java.lang.String, int ) not found in class'org.apache.jmeter.threads.JMeterVariables'
2025-02-22 20:06:04,413 INFO o.a.j.t.JMeterThread: Thread started: Hilos dummy de proceso 1-12
2025-02-22 20:06:04,415 ERROR o.a.j.u.BeanShellInterpreter: Error invoking bsh method: eval	Sourced file: inline evaluation of: ``random = new Random();  latitud = random.nextInt(); longitud = random.nextInt(); . . . '' : Error in method invocation: Method put( java.lang.String, int ) not found in class'org.apache.jmeter.threads.JMeterVariables'
2025-02-22 20:06:04,416 WARN o.a.j.m.BeanShellPreProcessor: Problem in BeanShell script. org.apache.jorphan.util.JMeterException: Error invoking bsh method: eval	Sourced file: inline evaluation of: ``random = new Random();  latitud = random.nextInt(); longitud = random.nextInt(); . . . '' : Error in method invocation: Method put( java.lang.String, int ) not found in class'org.apache.jmeter.threads.JMeterVariables'
2025-02-22 20:06:04,535 INFO o.a.j.t.JMeterThread: Thread started: Hilos dummy de proceso 1-13
2025-02-22 20:06:04,541 ERROR o.a.j.u.BeanShellInterpreter: Error invoking bsh method: eval	Sourced file: inline evaluation of: ``random = new Random();  latitud = random.nextInt(); longitud = random.nextInt(); . . . '' : Error in method invocation: Method put( java.lang.String, int ) not found in class'org.apache.jmeter.threads.JMeterVariables'
2025-02-22 20:06:04,541 WARN o.a.j.m.BeanShellPreProcessor: Problem in BeanShell script. org.apache.jorphan.util.JMeterException: Error invoking bsh method: eval	Sourced file: inline evaluation of: ``random = new Random();  latitud = random.nextInt(); longitud = random.nextInt(); . . . '' : Error in method invocation: Method put( java.lang.String, int ) not found in class'org.apache.jmeter.threads.JMeterVariables'
2025-02-22 20:06:04,653 INFO o.a.j.t.JMeterThread: Thread started: Hilos dummy de proceso 1-14
2025-02-22 20:06:04,660 ERROR o.a.j.u.BeanShellInterpreter: Error invoking bsh method: eval	Sourced file: inline evaluation of: ``random = new Random();  latitud = random.nextInt(); longitud = random.nextInt(); . . . '' : Error in method invocation: Method put( java.lang.String, int ) not found in class'org.apache.jmeter.threads.JMeterVariables'
2025-02-22 20:06:04,660 WARN o.a.j.m.BeanShellPreProcessor: Problem in BeanShell script. org.apache.jorphan.util.JMeterException: Error invoking bsh method: eval	Sourced file: inline evaluation of: ``random = new Random();  latitud = random.nextInt(); longitud = random.nextInt(); . . . '' : Error in method invocation: Method put( java.lang.String, int ) not found in class'org.apache.jmeter.threads.JMeterVariables'
2025-02-22 20:06:04,776 INFO o.a.j.t.JMeterThread: Thread started: Hilos dummy de proceso 1-15
2025-02-22 20:06:04,781 ERROR o.a.j.u.BeanShellInterpreter: Error invoking bsh method: eval	Sourced file: inline evaluation of: ``random = new Random();  latitud = random.nextInt(); longitud = random.nextInt(); . . . '' : Error in method invocation: Method put( java.lang.String, int ) not found in class'org.apache.jmeter.threads.JMeterVariables'
2025-02-22 20:06:04,781 WARN o.a.j.m.BeanShellPreProcessor: Problem in BeanShell script. org.apache.jorphan.util.JMeterException: Error invoking bsh method: eval	Sourced file: inline evaluation of: ``random = new Random();  latitud = random.nextInt(); longitud = random.nextInt(); . . . '' : Error in method invocation: Method put( java.lang.String, int ) not found in class'org.apache.jmeter.threads.JMeterVariables'
2025-02-22 20:06:04,895 INFO o.a.j.t.JMeterThread: Thread started: Hilos dummy de proceso 1-16
2025-02-22 20:06:04,896 ERROR o.a.j.u.BeanShellInterpreter: Error invoking bsh method: eval	Sourced file: inline evaluation of: ``random = new Random();  latitud = random.nextInt(); longitud = random.nextInt(); . . . '' : Error in method invocation: Method put( java.lang.String, int ) not found in class'org.apache.jmeter.threads.JMeterVariables'
2025-02-22 20:06:04,896 WARN o.a.j.m.BeanShellPreProcessor: Problem in BeanShell script. org.apache.jorphan.util.JMeterException: Error invoking bsh method: eval	Sourced file: inline evaluation of: ``random = new Random();  latitud = random.nextInt(); longitud = random.nextInt(); . . . '' : Error in method invocation: Method put( java.lang.String, int ) not found in class'org.apache.jmeter.threads.JMeterVariables'
2025-02-22 20:06:05,016 INFO o.a.j.t.JMeterThread: Thread started: Hilos dummy de proceso 1-17
2025-02-22 20:06:05,017 ERROR o.a.j.u.BeanShellInterpreter: Error invoking bsh method: eval	Sourced file: inline evaluation of: ``random = new Random();  latitud = random.nextInt(); longitud = random.nextInt(); . . . '' : Error in method invocation: Method put( java.lang.String, int ) not found in class'org.apache.jmeter.threads.JMeterVariables'
2025-02-22 20:06:05,017 WARN o.a.j.m.BeanShellPreProcessor: Problem in BeanShell script. org.apache.jorphan.util.JMeterException: Error invoking bsh method: eval	Sourced file: inline evaluation of: ``random = new Random();  latitud = random.nextInt(); longitud = random.nextInt(); . . . '' : Error in method invocation: Method put( java.lang.String, int ) not found in class'org.apache.jmeter.threads.JMeterVariables'
2025-02-22 20:06:05,135 INFO o.a.j.t.JMeterThread: Thread started: Hilos dummy de proceso 1-18
2025-02-22 20:06:05,137 ERROR o.a.j.u.BeanShellInterpreter: Error invoking bsh method: eval	Sourced file: inline evaluation of: ``random = new Random();  latitud = random.nextInt(); longitud = random.nextInt(); . . . '' : Error in method invocation: Method put( java.lang.String, int ) not found in class'org.apache.jmeter.threads.JMeterVariables'
2025-02-22 20:06:05,137 WARN o.a.j.m.BeanShellPreProcessor: Problem in BeanShell script. org.apache.jorphan.util.JMeterException: Error invoking bsh method: eval	Sourced file: inline evaluation of: ``random = new Random();  latitud = random.nextInt(); longitud = random.nextInt(); . . . '' : Error in method invocation: Method put( java.lang.String, int ) not found in class'org.apache.jmeter.threads.JMeterVariables'
2025-02-22 20:06:05,253 INFO o.a.j.t.JMeterThread: Thread started: Hilos dummy de proceso 1-19
2025-02-22 20:06:05,256 ERROR o.a.j.u.BeanShellInterpreter: Error invoking bsh method: eval	Sourced file: inline evaluation of: ``random = new Random();  latitud = random.nextInt(); longitud = random.nextInt(); . . . '' : Error in method invocation: Method put( java.lang.String, int ) not found in class'org.apache.jmeter.threads.JMeterVariables'
2025-02-22 20:06:05,257 WARN o.a.j.m.BeanShellPreProcessor: Problem in BeanShell script. org.apache.jorphan.util.JMeterException: Error invoking bsh method: eval	Sourced file: inline evaluation of: ``random = new Random();  latitud = random.nextInt(); longitud = random.nextInt(); . . . '' : Error in method invocation: Method put( java.lang.String, int ) not found in class'org.apache.jmeter.threads.JMeterVariables'
2025-02-22 20:06:05,376 INFO o.a.j.t.JMeterThread: Thread started: Hilos dummy de proceso 1-20
2025-02-22 20:06:05,377 ERROR o.a.j.u.BeanShellInterpreter: Error invoking bsh method: eval	Sourced file: inline evaluation of: ``random = new Random();  latitud = random.nextInt(); longitud = random.nextInt(); . . . '' : Error in method invocation: Method put( java.lang.String, int ) not found in class'org.apache.jmeter.threads.JMeterVariables'
2025-02-22 20:06:05,377 WARN o.a.j.m.BeanShellPreProcessor: Problem in BeanShell script. org.apache.jorphan.util.JMeterException: Error invoking bsh method: eval	Sourced file: inline evaluation of: ``random = new Random();  latitud = random.nextInt(); longitud = random.nextInt(); . . . '' : Error in method invocation: Method put( java.lang.String, int ) not found in class'org.apache.jmeter.threads.JMeterVariables'
2025-02-22 20:06:05,496 INFO o.a.j.t.JMeterThread: Thread started: Hilos dummy de proceso 1-21
2025-02-22 20:06:05,498 ERROR o.a.j.u.BeanShellInterpreter: Error invoking bsh method: eval	Sourced file: inline evaluation of: ``random = new Random();  latitud = random.nextInt(); longitud = random.nextInt(); . . . '' : Error in method invocation: Method put( java.lang.String, int ) not found in class'org.apache.jmeter.threads.JMeterVariables'
2025-02-22 20:06:05,498 WARN o.a.j.m.BeanShellPreProcessor: Problem in BeanShell script. org.apache.jorphan.util.JMeterException: Error invoking bsh method: eval	Sourced file: inline evaluation of: ``random = new Random();  latitud = random.nextInt(); longitud = random.nextInt(); . . . '' : Error in method invocation: Method put( java.lang.String, int ) not found in class'org.apache.jmeter.threads.JMeterVariables'
2025-02-22 20:06:05,612 INFO o.a.j.t.JMeterThread: Thread started: Hilos dummy de proceso 1-22
2025-02-22 20:06:05,614 ERROR o.a.j.u.BeanShellInterpreter: Error invoking bsh method: eval	Sourced file: inline evaluation of: ``random = new Random();  latitud = random.nextInt(); longitud = random.nextInt(); . . . '' : Error in method invocation: Method put( java.lang.String, int ) not found in class'org.apache.jmeter.threads.JMeterVariables'
2025-02-22 20:06:05,615 WARN o.a.j.m.BeanShellPreProcessor: Problem in BeanShell script. org.apache.jorphan.util.JMeterException: Error invoking bsh method: eval	Sourced file: inline evaluation of: ``random = new Random();  latitud = random.nextInt(); longitud = random.nextInt(); . . . '' : Error in method invocation: Method put( java.lang.String, int ) not found in class'org.apache.jmeter.threads.JMeterVariables'
2025-02-22 20:06:05,734 INFO o.a.j.t.JMeterThread: Thread started: Hilos dummy de proceso 1-23
2025-02-22 20:06:05,737 ERROR o.a.j.u.BeanShellInterpreter: Error invoking bsh method: eval	Sourced file: inline evaluation of: ``random = new Random();  latitud = random.nextInt(); longitud = random.nextInt(); . . . '' : Error in method invocation: Method put( java.lang.String, int ) not found in class'org.apache.jmeter.threads.JMeterVariables'
2025-02-22 20:06:05,737 WARN o.a.j.m.BeanShellPreProcessor: Problem in BeanShell script. org.apache.jorphan.util.JMeterException: Error invoking bsh method: eval	Sourced file: inline evaluation of: ``random = new Random();  latitud = random.nextInt(); longitud = random.nextInt(); . . . '' : Error in method invocation: Method put( java.lang.String, int ) not found in class'org.apache.jmeter.threads.JMeterVariables'
2025-02-22 20:06:05,856 INFO o.a.j.t.JMeterThread: Thread started: Hilos dummy de proceso 1-24
2025-02-22 20:06:05,857 ERROR o.a.j.u.BeanShellInterpreter: Error invoking bsh method: eval	Sourced file: inline evaluation of: ``random = new Random();  latitud = random.nextInt(); longitud = random.nextInt(); . . . '' : Error in method invocation: Method put( java.lang.String, int ) not found in class'org.apache.jmeter.threads.JMeterVariables'
2025-02-22 20:06:05,857 WARN o.a.j.m.BeanShellPreProcessor: Problem in BeanShell script. org.apache.jorphan.util.JMeterException: Error invoking bsh method: eval	Sourced file: inline evaluation of: ``random = new Random();  latitud = random.nextInt(); longitud = random.nextInt(); . . . '' : Error in method invocation: Method put( java.lang.String, int ) not found in class'org.apache.jmeter.threads.JMeterVariables'
2025-02-22 20:06:05,977 INFO o.a.j.t.JMeterThread: Thread started: Hilos dummy de proceso 1-25
2025-02-22 20:06:05,982 ERROR o.a.j.u.BeanShellInterpreter: Error invoking bsh method: eval	Sourced file: inline evaluation of: ``random = new Random();  latitud = random.nextInt(); longitud = random.nextInt(); . . . '' : Error in method invocation: Method put( java.lang.String, int ) not found in class'org.apache.jmeter.threads.JMeterVariables'
2025-02-22 20:06:05,982 WARN o.a.j.m.BeanShellPreProcessor: Problem in BeanShell script. org.apache.jorphan.util.JMeterException: Error invoking bsh method: eval	Sourced file: inline evaluation of: ``random = new Random();  latitud = random.nextInt(); longitud = random.nextInt(); . . . '' : Error in method invocation: Method put( java.lang.String, int ) not found in class'org.apache.jmeter.threads.JMeterVariables'
2025-02-22 20:06:06,092 INFO o.a.j.t.JMeterThread: Thread started: Hilos dummy de proceso 1-26
2025-02-22 20:06:06,093 ERROR o.a.j.u.BeanShellInterpreter: Error invoking bsh method: eval	Sourced file: inline evaluation of: ``random = new Random();  latitud = random.nextInt(); longitud = random.nextInt(); . . . '' : Error in method invocation: Method put( java.lang.String, int ) not found in class'org.apache.jmeter.threads.JMeterVariables'
2025-02-22 20:06:06,094 WARN o.a.j.m.BeanShellPreProcessor: Problem in BeanShell script. org.apache.jorphan.util.JMeterException: Error invoking bsh method: eval	Sourced file: inline evaluation of: ``random = new Random();  latitud = random.nextInt(); longitud = random.nextInt(); . . . '' : Error in method invocation: Method put( java.lang.String, int ) not found in class'org.apache.jmeter.threads.JMeterVariables'
2025-02-22 20:06:06,213 INFO o.a.j.t.JMeterThread: Thread started: Hilos dummy de proceso 1-27
2025-02-22 20:06:06,215 ERROR o.a.j.u.BeanShellInterpreter: Error invoking bsh method: eval	Sourced file: inline evaluation of: ``random = new Random();  latitud = random.nextInt(); longitud = random.nextInt(); . . . '' : Error in method invocation: Method put( java.lang.String, int ) not found in class'org.apache.jmeter.threads.JMeterVariables'
2025-02-22 20:06:06,215 WARN o.a.j.m.BeanShellPreProcessor: Problem in BeanShell script. org.apache.jorphan.util.JMeterException: Error invoking bsh method: eval	Sourced file: inline evaluation of: ``random = new Random();  latitud = random.nextInt(); longitud = random.nextInt(); . . . '' : Error in method invocation: Method put( java.lang.String, int ) not found in class'org.apache.jmeter.threads.JMeterVariables'
2025-02-22 20:06:06,337 INFO o.a.j.t.JMeterThread: Thread started: Hilos dummy de proceso 1-28
2025-02-22 20:06:06,339 ERROR o.a.j.u.BeanShellInterpreter: Error invoking bsh method: eval	Sourced file: inline evaluation of: ``random = new Random();  latitud = random.nextInt(); longitud = random.nextInt(); . . . '' : Error in method invocation: Method put( java.lang.String, int ) not found in class'org.apache.jmeter.threads.JMeterVariables'
2025-02-22 20:06:06,339 WARN o.a.j.m.BeanShellPreProcessor: Problem in BeanShell script. org.apache.jorphan.util.JMeterException: Error invoking bsh method: eval	Sourced file: inline evaluation of: ``random = new Random();  latitud = random.nextInt(); longitud = random.nextInt(); . . . '' : Error in method invocation: Method put( java.lang.String, int ) not found in class'org.apache.jmeter.threads.JMeterVariables'
2025-02-22 20:06:06,453 INFO o.a.j.t.JMeterThread: Thread started: Hilos dummy de proceso 1-29
2025-02-22 20:06:06,455 ERROR o.a.j.u.BeanShellInterpreter: Error invoking bsh method: eval	Sourced file: inline evaluation of: ``random = new Random();  latitud = random.nextInt(); longitud = random.nextInt(); . . . '' : Error in method invocation: Method put( java.lang.String, int ) not found in class'org.apache.jmeter.threads.JMeterVariables'
2025-02-22 20:06:06,455 WARN o.a.j.m.BeanShellPreProcessor: Problem in BeanShell script. org.apache.jorphan.util.JMeterException: Error invoking bsh method: eval	Sourced file: inline evaluation of: ``random = new Random();  latitud = random.nextInt(); longitud = random.nextInt(); . . . '' : Error in method invocation: Method put( java.lang.String, int ) not found in class'org.apache.jmeter.threads.JMeterVariables'
2025-02-22 20:06:06,575 INFO o.a.j.t.JMeterThread: Thread started: Hilos dummy de proceso 1-30
2025-02-22 20:06:06,578 ERROR o.a.j.u.BeanShellInterpreter: Error invoking bsh method: eval	Sourced file: inline evaluation of: ``random = new Random();  latitud = random.nextInt(); longitud = random.nextInt(); . . . '' : Error in method invocation: Method put( java.lang.String, int ) not found in class'org.apache.jmeter.threads.JMeterVariables'
2025-02-22 20:06:06,579 WARN o.a.j.m.BeanShellPreProcessor: Problem in BeanShell script. org.apache.jorphan.util.JMeterException: Error invoking bsh method: eval	Sourced file: inline evaluation of: ``random = new Random();  latitud = random.nextInt(); longitud = random.nextInt(); . . . '' : Error in method invocation: Method put( java.lang.String, int ) not found in class'org.apache.jmeter.threads.JMeterVariables'
2025-02-22 20:06:06,697 INFO o.a.j.t.JMeterThread: Thread started: Hilos dummy de proceso 1-31
2025-02-22 20:06:06,700 ERROR o.a.j.u.BeanShellInterpreter: Error invoking bsh method: eval	Sourced file: inline evaluation of: ``random = new Random();  latitud = random.nextInt(); longitud = random.nextInt(); . . . '' : Error in method invocation: Method put( java.lang.String, int ) not found in class'org.apache.jmeter.threads.JMeterVariables'
2025-02-22 20:06:06,700 WARN o.a.j.m.BeanShellPreProcessor: Problem in BeanShell script. org.apache.jorphan.util.JMeterException: Error invoking bsh method: eval	Sourced file: inline evaluation of: ``random = new Random();  latitud = random.nextInt(); longitud = random.nextInt(); . . . '' : Error in method invocation: Method put( java.lang.String, int ) not found in class'org.apache.jmeter.threads.JMeterVariables'
2025-02-22 20:06:06,813 INFO o.a.j.t.JMeterThread: Thread started: Hilos dummy de proceso 1-32
2025-02-22 20:06:06,816 ERROR o.a.j.u.BeanShellInterpreter: Error invoking bsh method: eval	Sourced file: inline evaluation of: ``random = new Random();  latitud = random.nextInt(); longitud = random.nextInt(); . . . '' : Error in method invocation: Method put( java.lang.String, int ) not found in class'org.apache.jmeter.threads.JMeterVariables'
2025-02-22 20:06:06,816 WARN o.a.j.m.BeanShellPreProcessor: Problem in BeanShell script. org.apache.jorphan.util.JMeterException: Error invoking bsh method: eval	Sourced file: inline evaluation of: ``random = new Random();  latitud = random.nextInt(); longitud = random.nextInt(); . . . '' : Error in method invocation: Method put( java.lang.String, int ) not found in class'org.apache.jmeter.threads.JMeterVariables'
2025-02-22 20:06:06,933 INFO o.a.j.t.JMeterThread: Thread started: Hilos dummy de proceso 1-33
2025-02-22 20:06:06,934 ERROR o.a.j.u.BeanShellInterpreter: Error invoking bsh method: eval	Sourced file: inline evaluation of: ``random = new Random();  latitud = random.nextInt(); longitud = random.nextInt(); . . . '' : Error in method invocation: Method put( java.lang.String, int ) not found in class'org.apache.jmeter.threads.JMeterVariables'
2025-02-22 20:06:06,934 WARN o.a.j.m.BeanShellPreProcessor: Problem in BeanShell script. org.apache.jorphan.util.JMeterException: Error invoking bsh method: eval	Sourced file: inline evaluation of: ``random = new Random();  latitud = random.nextInt(); longitud = random.nextInt(); . . . '' : Error in method invocation: Method put( java.lang.String, int ) not found in class'org.apache.jmeter.threads.JMeterVariables'
2025-02-22 20:06:07,055 INFO o.a.j.t.JMeterThread: Thread started: Hilos dummy de proceso 1-34
2025-02-22 20:06:07,058 ERROR o.a.j.u.BeanShellInterpreter: Error invoking bsh method: eval	Sourced file: inline evaluation of: ``random = new Random();  latitud = random.nextInt(); longitud = random.nextInt(); . . . '' : Error in method invocation: Method put( java.lang.String, int ) not found in class'org.apache.jmeter.threads.JMeterVariables'
2025-02-22 20:06:07,058 WARN o.a.j.m.BeanShellPreProcessor: Problem in BeanShell script. org.apache.jorphan.util.JMeterException: Error invoking bsh method: eval	Sourced file: inline evaluation of: ``random = new Random();  latitud = random.nextInt(); longitud = random.nextInt(); . . . '' : Error in method invocation: Method put( java.lang.String, int ) not found in class'org.apache.jmeter.threads.JMeterVariables'
2025-02-22 20:06:07,172 INFO o.a.j.t.JMeterThread: Thread started: Hilos dummy de proceso 1-35
2025-02-22 20:06:07,174 ERROR o.a.j.u.BeanShellInterpreter: Error invoking bsh method: eval	Sourced file: inline evaluation of: ``random = new Random();  latitud = random.nextInt(); longitud = random.nextInt(); . . . '' : Error in method invocation: Method put( java.lang.String, int ) not found in class'org.apache.jmeter.threads.JMeterVariables'
2025-02-22 20:06:07,174 WARN o.a.j.m.BeanShellPreProcessor: Problem in BeanShell script. org.apache.jorphan.util.JMeterException: Error invoking bsh method: eval	Sourced file: inline evaluation of: ``random = new Random();  latitud = random.nextInt(); longitud = random.nextInt(); . . . '' : Error in method invocation: Method put( java.lang.String, int ) not found in class'org.apache.jmeter.threads.JMeterVariables'
2025-02-22 20:06:07,297 INFO o.a.j.t.JMeterThread: Thread started: Hilos dummy de proceso 1-36
2025-02-22 20:06:07,304 ERROR o.a.j.u.BeanShellInterpreter: Error invoking bsh method: eval	Sourced file: inline evaluation of: ``random = new Random();  latitud = random.nextInt(); longitud = random.nextInt(); . . . '' : Error in method invocation: Method put( java.lang.String, int ) not found in class'org.apache.jmeter.threads.JMeterVariables'
2025-02-22 20:06:07,305 WARN o.a.j.m.BeanShellPreProcessor: Problem in BeanShell script. org.apache.jorphan.util.JMeterException: Error invoking bsh method: eval	Sourced file: inline evaluation of: ``random = new Random();  latitud = random.nextInt(); longitud = random.nextInt(); . . . '' : Error in method invocation: Method put( java.lang.String, int ) not found in class'org.apache.jmeter.threads.JMeterVariables'
2025-02-22 20:06:07,416 INFO o.a.j.t.JMeterThread: Thread started: Hilos dummy de proceso 1-37
2025-02-22 20:06:07,418 ERROR o.a.j.u.BeanShellInterpreter: Error invoking bsh method: eval	Sourced file: inline evaluation of: ``random = new Random();  latitud = random.nextInt(); longitud = random.nextInt(); . . . '' : Error in method invocation: Method put( java.lang.String, int ) not found in class'org.apache.jmeter.threads.JMeterVariables'
2025-02-22 20:06:07,418 WARN o.a.j.m.BeanShellPreProcessor: Problem in BeanShell script. org.apache.jorphan.util.JMeterException: Error invoking bsh method: eval	Sourced file: inline evaluation of: ``random = new Random();  latitud = random.nextInt(); longitud = random.nextInt(); . . . '' : Error in method invocation: Method put( java.lang.String, int ) not found in class'org.apache.jmeter.threads.JMeterVariables'
2025-02-22 20:06:07,534 INFO o.a.j.t.JMeterThread: Thread started: Hilos dummy de proceso 1-38
2025-02-22 20:06:07,538 ERROR o.a.j.u.BeanShellInterpreter: Error invoking bsh method: eval	Sourced file: inline evaluation of: ``random = new Random();  latitud = random.nextInt(); longitud = random.nextInt(); . . . '' : Error in method invocation: Method put( java.lang.String, int ) not found in class'org.apache.jmeter.threads.JMeterVariables'
2025-02-22 20:06:07,539 WARN o.a.j.m.BeanShellPreProcessor: Problem in BeanShell script. org.apache.jorphan.util.JMeterException: Error invoking bsh method: eval	Sourced file: inline evaluation of: ``random = new Random();  latitud = random.nextInt(); longitud = random.nextInt(); . . . '' : Error in method invocation: Method put( java.lang.String, int ) not found in class'org.apache.jmeter.threads.JMeterVariables'
2025-02-22 20:06:07,656 INFO o.a.j.t.JMeterThread: Thread started: Hilos dummy de proceso 1-39
2025-02-22 20:06:07,662 ERROR o.a.j.u.BeanShellInterpreter: Error invoking bsh method: eval	Sourced file: inline evaluation of: ``random = new Random();  latitud = random.nextInt(); longitud = random.nextInt(); . . . '' : Error in method invocation: Method put( java.lang.String, int ) not found in class'org.apache.jmeter.threads.JMeterVariables'
2025-02-22 20:06:07,662 WARN o.a.j.m.BeanShellPreProcessor: Problem in BeanShell script. org.apache.jorphan.util.JMeterException: Error invoking bsh method: eval	Sourced file: inline evaluation of: ``random = new Random();  latitud = random.nextInt(); longitud = random.nextInt(); . . . '' : Error in method invocation: Method put( java.lang.String, int ) not found in class'org.apache.jmeter.threads.JMeterVariables'
2025-02-22 20:06:07,773 INFO o.a.j.t.JMeterThread: Thread started: Hilos dummy de proceso 1-40
2025-02-22 20:06:07,775 ERROR o.a.j.u.BeanShellInterpreter: Error invoking bsh method: eval	Sourced file: inline evaluation of: ``random = new Random();  latitud = random.nextInt(); longitud = random.nextInt(); . . . '' : Error in method invocation: Method put( java.lang.String, int ) not found in class'org.apache.jmeter.threads.JMeterVariables'
2025-02-22 20:06:07,775 WARN o.a.j.m.BeanShellPreProcessor: Problem in BeanShell script. org.apache.jorphan.util.JMeterException: Error invoking bsh method: eval	Sourced file: inline evaluation of: ``random = new Random();  latitud = random.nextInt(); longitud = random.nextInt(); . . . '' : Error in method invocation: Method put( java.lang.String, int ) not found in class'org.apache.jmeter.threads.JMeterVariables'
2025-02-22 20:06:07,895 INFO o.a.j.t.JMeterThread: Thread started: Hilos dummy de proceso 1-41
2025-02-22 20:06:07,898 ERROR o.a.j.u.BeanShellInterpreter: Error invoking bsh method: eval	Sourced file: inline evaluation of: ``random = new Random();  latitud = random.nextInt(); longitud = random.nextInt(); . . . '' : Error in method invocation: Method put( java.lang.String, int ) not found in class'org.apache.jmeter.threads.JMeterVariables'
2025-02-22 20:06:07,898 WARN o.a.j.m.BeanShellPreProcessor: Problem in BeanShell script. org.apache.jorphan.util.JMeterException: Error invoking bsh method: eval	Sourced file: inline evaluation of: ``random = new Random();  latitud = random.nextInt(); longitud = random.nextInt(); . . . '' : Error in method invocation: Method put( java.lang.String, int ) not found in class'org.apache.jmeter.threads.JMeterVariables'
2025-02-22 20:06:08,013 INFO o.a.j.t.JMeterThread: Thread started: Hilos dummy de proceso 1-42
2025-02-22 20:06:08,014 ERROR o.a.j.u.BeanShellInterpreter: Error invoking bsh method: eval	Sourced file: inline evaluation of: ``random = new Random();  latitud = random.nextInt(); longitud = random.nextInt(); . . . '' : Error in method invocation: Method put( java.lang.String, int ) not found in class'org.apache.jmeter.threads.JMeterVariables'
2025-02-22 20:06:08,014 WARN o.a.j.m.BeanShellPreProcessor: Problem in BeanShell script. org.apache.jorphan.util.JMeterException: Error invoking bsh method: eval	Sourced file: inline evaluation of: ``random = new Random();  latitud = random.nextInt(); longitud = random.nextInt(); . . . '' : Error in method invocation: Method put( java.lang.String, int ) not found in class'org.apache.jmeter.threads.JMeterVariables'
2025-02-22 20:06:08,132 INFO o.a.j.t.JMeterThread: Thread started: Hilos dummy de proceso 1-43
2025-02-22 20:06:08,133 ERROR o.a.j.u.BeanShellInterpreter: Error invoking bsh method: eval	Sourced file: inline evaluation of: ``random = new Random();  latitud = random.nextInt(); longitud = random.nextInt(); . . . '' : Error in method invocation: Method put( java.lang.String, int ) not found in class'org.apache.jmeter.threads.JMeterVariables'
2025-02-22 20:06:08,133 WARN o.a.j.m.BeanShellPreProcessor: Problem in BeanShell script. org.apache.jorphan.util.JMeterException: Error invoking bsh method: eval	Sourced file: inline evaluation of: ``random = new Random();  latitud = random.nextInt(); longitud = random.nextInt(); . . . '' : Error in method invocation: Method put( java.lang.String, int ) not found in class'org.apache.jmeter.threads.JMeterVariables'
2025-02-22 20:06:08,252 INFO o.a.j.t.JMeterThread: Thread started: Hilos dummy de proceso 1-44
2025-02-22 20:06:08,253 ERROR o.a.j.u.BeanShellInterpreter: Error invoking bsh method: eval	Sourced file: inline evaluation of: ``random = new Random();  latitud = random.nextInt(); longitud = random.nextInt(); . . . '' : Error in method invocation: Method put( java.lang.String, int ) not found in class'org.apache.jmeter.threads.JMeterVariables'
2025-02-22 20:06:08,253 WARN o.a.j.m.BeanShellPreProcessor: Problem in BeanShell script. org.apache.jorphan.util.JMeterException: Error invoking bsh method: eval	Sourced file: inline evaluation of: ``random = new Random();  latitud = random.nextInt(); longitud = random.nextInt(); . . . '' : Error in method invocation: Method put( java.lang.String, int ) not found in class'org.apache.jmeter.threads.JMeterVariables'
2025-02-22 20:06:08,381 INFO o.a.j.t.JMeterThread: Thread started: Hilos dummy de proceso 1-45
2025-02-22 20:06:08,383 ERROR o.a.j.u.BeanShellInterpreter: Error invoking bsh method: eval	Sourced file: inline evaluation of: ``random = new Random();  latitud = random.nextInt(); longitud = random.nextInt(); . . . '' : Error in method invocation: Method put( java.lang.String, int ) not found in class'org.apache.jmeter.threads.JMeterVariables'
2025-02-22 20:06:08,383 WARN o.a.j.m.BeanShellPreProcessor: Problem in BeanShell script. org.apache.jorphan.util.JMeterException: Error invoking bsh method: eval	Sourced file: inline evaluation of: ``random = new Random();  latitud = random.nextInt(); longitud = random.nextInt(); . . . '' : Error in method invocation: Method put( java.lang.String, int ) not found in class'org.apache.jmeter.threads.JMeterVariables'
2025-02-22 20:06:08,496 INFO o.a.j.t.JMeterThread: Thread started: Hilos dummy de proceso 1-46
2025-02-22 20:06:08,497 ERROR o.a.j.u.BeanShellInterpreter: Error invoking bsh method: eval	Sourced file: inline evaluation of: ``random = new Random();  latitud = random.nextInt(); longitud = random.nextInt(); . . . '' : Error in method invocation: Method put( java.lang.String, int ) not found in class'org.apache.jmeter.threads.JMeterVariables'
2025-02-22 20:06:08,498 WARN o.a.j.m.BeanShellPreProcessor: Problem in BeanShell script. org.apache.jorphan.util.JMeterException: Error invoking bsh method: eval	Sourced file: inline evaluation of: ``random = new Random();  latitud = random.nextInt(); longitud = random.nextInt(); . . . '' : Error in method invocation: Method put( java.lang.String, int ) not found in class'org.apache.jmeter.threads.JMeterVariables'
2025-02-22 20:06:08,612 INFO o.a.j.t.JMeterThread: Thread started: Hilos dummy de proceso 1-47
2025-02-22 20:06:08,617 ERROR o.a.j.u.BeanShellInterpreter: Error invoking bsh method: eval	Sourced file: inline evaluation of: ``random = new Random();  latitud = random.nextInt(); longitud = random.nextInt(); . . . '' : Error in method invocation: Method put( java.lang.String, int ) not found in class'org.apache.jmeter.threads.JMeterVariables'
2025-02-22 20:06:08,617 WARN o.a.j.m.BeanShellPreProcessor: Problem in BeanShell script. org.apache.jorphan.util.JMeterException: Error invoking bsh method: eval	Sourced file: inline evaluation of: ``random = new Random();  latitud = random.nextInt(); longitud = random.nextInt(); . . . '' : Error in method invocation: Method put( java.lang.String, int ) not found in class'org.apache.jmeter.threads.JMeterVariables'
2025-02-22 20:06:08,737 INFO o.a.j.t.JMeterThread: Thread started: Hilos dummy de proceso 1-48
2025-02-22 20:06:08,744 ERROR o.a.j.u.BeanShellInterpreter: Error invoking bsh method: eval	Sourced file: inline evaluation of: ``random = new Random();  latitud = random.nextInt(); longitud = random.nextInt(); . . . '' : Error in method invocation: Method put( java.lang.String, int ) not found in class'org.apache.jmeter.threads.JMeterVariables'
2025-02-22 20:06:08,745 WARN o.a.j.m.BeanShellPreProcessor: Problem in BeanShell script. org.apache.jorphan.util.JMeterException: Error invoking bsh method: eval	Sourced file: inline evaluation of: ``random = new Random();  latitud = random.nextInt(); longitud = random.nextInt(); . . . '' : Error in method invocation: Method put( java.lang.String, int ) not found in class'org.apache.jmeter.threads.JMeterVariables'
2025-02-22 20:06:08,857 INFO o.a.j.t.JMeterThread: Thread started: Hilos dummy de proceso 1-49
2025-02-22 20:06:08,863 ERROR o.a.j.u.BeanShellInterpreter: Error invoking bsh method: eval	Sourced file: inline evaluation of: ``random = new Random();  latitud = random.nextInt(); longitud = random.nextInt(); . . . '' : Error in method invocation: Method put( java.lang.String, int ) not found in class'org.apache.jmeter.threads.JMeterVariables'
2025-02-22 20:06:08,864 WARN o.a.j.m.BeanShellPreProcessor: Problem in BeanShell script. org.apache.jorphan.util.JMeterException: Error invoking bsh method: eval	Sourced file: inline evaluation of: ``random = new Random();  latitud = random.nextInt(); longitud = random.nextInt(); . . . '' : Error in method invocation: Method put( java.lang.String, int ) not found in class'org.apache.jmeter.threads.JMeterVariables'
2025-02-22 20:06:08,972 INFO o.a.j.t.JMeterThread: Thread started: Hilos dummy de proceso 1-50
2025-02-22 20:06:08,974 ERROR o.a.j.u.BeanShellInterpreter: Error invoking bsh method: eval	Sourced file: inline evaluation of: ``random = new Random();  latitud = random.nextInt(); longitud = random.nextInt(); . . . '' : Error in method invocation: Method put( java.lang.String, int ) not found in class'org.apache.jmeter.threads.JMeterVariables'
2025-02-22 20:06:08,974 WARN o.a.j.m.BeanShellPreProcessor: Problem in BeanShell script. org.apache.jorphan.util.JMeterException: Error invoking bsh method: eval	Sourced file: inline evaluation of: ``random = new Random();  latitud = random.nextInt(); longitud = random.nextInt(); . . . '' : Error in method invocation: Method put( java.lang.String, int ) not found in class'org.apache.jmeter.threads.JMeterVariables'
2025-02-22 20:06:09,095 INFO o.a.j.t.JMeterThread: Thread started: Hilos dummy de proceso 1-51
2025-02-22 20:06:09,097 ERROR o.a.j.u.BeanShellInterpreter: Error invoking bsh method: eval	Sourced file: inline evaluation of: ``random = new Random();  latitud = random.nextInt(); longitud = random.nextInt(); . . . '' : Error in method invocation: Method put( java.lang.String, int ) not found in class'org.apache.jmeter.threads.JMeterVariables'
2025-02-22 20:06:09,098 WARN o.a.j.m.BeanShellPreProcessor: Problem in BeanShell script. org.apache.jorphan.util.JMeterException: Error invoking bsh method: eval	Sourced file: inline evaluation of: ``random = new Random();  latitud = random.nextInt(); longitud = random.nextInt(); . . . '' : Error in method invocation: Method put( java.lang.String, int ) not found in class'org.apache.jmeter.threads.JMeterVariables'
2025-02-22 20:06:09,216 INFO o.a.j.t.JMeterThread: Thread started: Hilos dummy de proceso 1-52
2025-02-22 20:06:09,219 ERROR o.a.j.u.BeanShellInterpreter: Error invoking bsh method: eval	Sourced file: inline evaluation of: ``random = new Random();  latitud = random.nextInt(); longitud = random.nextInt(); . . . '' : Error in method invocation: Method put( java.lang.String, int ) not found in class'org.apache.jmeter.threads.JMeterVariables'
2025-02-22 20:06:09,219 WARN o.a.j.m.BeanShellPreProcessor: Problem in BeanShell script. org.apache.jorphan.util.JMeterException: Error invoking bsh method: eval	Sourced file: inline evaluation of: ``random = new Random();  latitud = random.nextInt(); longitud = random.nextInt(); . . . '' : Error in method invocation: Method put( java.lang.String, int ) not found in class'org.apache.jmeter.threads.JMeterVariables'
2025-02-22 20:06:09,336 INFO o.a.j.t.JMeterThread: Thread started: Hilos dummy de proceso 1-53
2025-02-22 20:06:09,337 ERROR o.a.j.u.BeanShellInterpreter: Error invoking bsh method: eval	Sourced file: inline evaluation of: ``random = new Random();  latitud = random.nextInt(); longitud = random.nextInt(); . . . '' : Error in method invocation: Method put( java.lang.String, int ) not found in class'org.apache.jmeter.threads.JMeterVariables'
2025-02-22 20:06:09,337 WARN o.a.j.m.BeanShellPreProcessor: Problem in BeanShell script. org.apache.jorphan.util.JMeterException: Error invoking bsh method: eval	Sourced file: inline evaluation of: ``random = new Random();  latitud = random.nextInt(); longitud = random.nextInt(); . . . '' : Error in method invocation: Method put( java.lang.String, int ) not found in class'org.apache.jmeter.threads.JMeterVariables'
2025-02-22 20:06:09,452 INFO o.a.j.t.JMeterThread: Thread started: Hilos dummy de proceso 1-54
2025-02-22 20:06:09,454 ERROR o.a.j.u.BeanShellInterpreter: Error invoking bsh method: eval	Sourced file: inline evaluation of: ``random = new Random();  latitud = random.nextInt(); longitud = random.nextInt(); . . . '' : Error in method invocation: Method put( java.lang.String, int ) not found in class'org.apache.jmeter.threads.JMeterVariables'
2025-02-22 20:06:09,454 WARN o.a.j.m.BeanShellPreProcessor: Problem in BeanShell script. org.apache.jorphan.util.JMeterException: Error invoking bsh method: eval	Sourced file: inline evaluation of: ``random = new Random();  latitud = random.nextInt(); longitud = random.nextInt(); . . . '' : Error in method invocation: Method put( java.lang.String, int ) not found in class'org.apache.jmeter.threads.JMeterVariables'
2025-02-22 20:06:09,577 INFO o.a.j.t.JMeterThread: Thread started: Hilos dummy de proceso 1-55
2025-02-22 20:06:09,579 ERROR o.a.j.u.BeanShellInterpreter: Error invoking bsh method: eval	Sourced file: inline evaluation of: ``random = new Random();  latitud = random.nextInt(); longitud = random.nextInt(); . . . '' : Error in method invocation: Method put( java.lang.String, int ) not found in class'org.apache.jmeter.threads.JMeterVariables'
2025-02-22 20:06:09,579 WARN o.a.j.m.BeanShellPreProcessor: Problem in BeanShell script. org.apache.jorphan.util.JMeterException: Error invoking bsh method: eval	Sourced file: inline evaluation of: ``random = new Random();  latitud = random.nextInt(); longitud = random.nextInt(); . . . '' : Error in method invocation: Method put( java.lang.String, int ) not found in class'org.apache.jmeter.threads.JMeterVariables'
2025-02-22 20:06:09,696 INFO o.a.j.t.JMeterThread: Thread started: Hilos dummy de proceso 1-56
2025-02-22 20:06:09,697 ERROR o.a.j.u.BeanShellInterpreter: Error invoking bsh method: eval	Sourced file: inline evaluation of: ``random = new Random();  latitud = random.nextInt(); longitud = random.nextInt(); . . . '' : Error in method invocation: Method put( java.lang.String, int ) not found in class'org.apache.jmeter.threads.JMeterVariables'
2025-02-22 20:06:09,697 WARN o.a.j.m.BeanShellPreProcessor: Problem in BeanShell script. org.apache.jorphan.util.JMeterException: Error invoking bsh method: eval	Sourced file: inline evaluation of: ``random = new Random();  latitud = random.nextInt(); longitud = random.nextInt(); . . . '' : Error in method invocation: Method put( java.lang.String, int ) not found in class'org.apache.jmeter.threads.JMeterVariables'
2025-02-22 20:06:09,815 INFO o.a.j.t.JMeterThread: Thread started: Hilos dummy de proceso 1-57
2025-02-22 20:06:09,817 ERROR o.a.j.u.BeanShellInterpreter: Error invoking bsh method: eval	Sourced file: inline evaluation of: ``random = new Random();  latitud = random.nextInt(); longitud = random.nextInt(); . . . '' : Error in method invocation: Method put( java.lang.String, int ) not found in class'org.apache.jmeter.threads.JMeterVariables'
2025-02-22 20:06:09,817 WARN o.a.j.m.BeanShellPreProcessor: Problem in BeanShell script. org.apache.jorphan.util.JMeterException: Error invoking bsh method: eval	Sourced file: inline evaluation of: ``random = new Random();  latitud = random.nextInt(); longitud = random.nextInt(); . . . '' : Error in method invocation: Method put( java.lang.String, int ) not found in class'org.apache.jmeter.threads.JMeterVariables'
2025-02-22 20:06:09,936 INFO o.a.j.t.JMeterThread: Thread started: Hilos dummy de proceso 1-58
2025-02-22 20:06:09,939 ERROR o.a.j.u.BeanShellInterpreter: Error invoking bsh method: eval	Sourced file: inline evaluation of: ``random = new Random();  latitud = random.nextInt(); longitud = random.nextInt(); . . . '' : Error in method invocation: Method put( java.lang.String, int ) not found in class'org.apache.jmeter.threads.JMeterVariables'
2025-02-22 20:06:09,940 WARN o.a.j.m.BeanShellPreProcessor: Problem in BeanShell script. org.apache.jorphan.util.JMeterException: Error invoking bsh method: eval	Sourced file: inline evaluation of: ``random = new Random();  latitud = random.nextInt(); longitud = random.nextInt(); . . . '' : Error in method invocation: Method put( java.lang.String, int ) not found in class'org.apache.jmeter.threads.JMeterVariables'
2025-02-22 20:06:10,055 INFO o.a.j.t.JMeterThread: Thread started: Hilos dummy de proceso 1-59
2025-02-22 20:06:10,060 ERROR o.a.j.u.BeanShellInterpreter: Error invoking bsh method: eval	Sourced file: inline evaluation of: ``random = new Random();  latitud = random.nextInt(); longitud = random.nextInt(); . . . '' : Error in method invocation: Method put( java.lang.String, int ) not found in class'org.apache.jmeter.threads.JMeterVariables'
2025-02-22 20:06:10,061 WARN o.a.j.m.BeanShellPreProcessor: Problem in BeanShell script. org.apache.jorphan.util.JMeterException: Error invoking bsh method: eval	Sourced file: inline evaluation of: ``random = new Random();  latitud = random.nextInt(); longitud = random.nextInt(); . . . '' : Error in method invocation: Method put( java.lang.String, int ) not found in class'org.apache.jmeter.threads.JMeterVariables'
2025-02-22 20:06:10,176 INFO o.a.j.t.JMeterThread: Thread started: Hilos dummy de proceso 1-60
2025-02-22 20:06:10,178 ERROR o.a.j.u.BeanShellInterpreter: Error invoking bsh method: eval	Sourced file: inline evaluation of: ``random = new Random();  latitud = random.nextInt(); longitud = random.nextInt(); . . . '' : Error in method invocation: Method put( java.lang.String, int ) not found in class'org.apache.jmeter.threads.JMeterVariables'
2025-02-22 20:06:10,178 WARN o.a.j.m.BeanShellPreProcessor: Problem in BeanShell script. org.apache.jorphan.util.JMeterException: Error invoking bsh method: eval	Sourced file: inline evaluation of: ``random = new Random();  latitud = random.nextInt(); longitud = random.nextInt(); . . . '' : Error in method invocation: Method put( java.lang.String, int ) not found in class'org.apache.jmeter.threads.JMeterVariables'
2025-02-22 20:06:10,292 INFO o.a.j.t.JMeterThread: Thread started: Hilos dummy de proceso 1-61
2025-02-22 20:06:10,294 ERROR o.a.j.u.BeanShellInterpreter: Error invoking bsh method: eval	Sourced file: inline evaluation of: ``random = new Random();  latitud = random.nextInt(); longitud = random.nextInt(); . . . '' : Error in method invocation: Method put( java.lang.String, int ) not found in class'org.apache.jmeter.threads.JMeterVariables'
2025-02-22 20:06:10,294 WARN o.a.j.m.BeanShellPreProcessor: Problem in BeanShell script. org.apache.jorphan.util.JMeterException: Error invoking bsh method: eval	Sourced file: inline evaluation of: ``random = new Random();  latitud = random.nextInt(); longitud = random.nextInt(); . . . '' : Error in method invocation: Method put( java.lang.String, int ) not found in class'org.apache.jmeter.threads.JMeterVariables'
2025-02-22 20:06:10,411 INFO o.a.j.t.JMeterThread: Thread started: Hilos dummy de proceso 1-62
2025-02-22 20:06:10,412 ERROR o.a.j.u.BeanShellInterpreter: Error invoking bsh method: eval	Sourced file: inline evaluation of: ``random = new Random();  latitud = random.nextInt(); longitud = random.nextInt(); . . . '' : Error in method invocation: Method put( java.lang.String, int ) not found in class'org.apache.jmeter.threads.JMeterVariables'
2025-02-22 20:06:10,412 WARN o.a.j.m.BeanShellPreProcessor: Problem in BeanShell script. org.apache.jorphan.util.JMeterException: Error invoking bsh method: eval	Sourced file: inline evaluation of: ``random = new Random();  latitud = random.nextInt(); longitud = random.nextInt(); . . . '' : Error in method invocation: Method put( java.lang.String, int ) not found in class'org.apache.jmeter.threads.JMeterVariables'
2025-02-22 20:06:10,537 INFO o.a.j.t.JMeterThread: Thread started: Hilos dummy de proceso 1-63
2025-02-22 20:06:10,546 ERROR o.a.j.u.BeanShellInterpreter: Error invoking bsh method: eval	Sourced file: inline evaluation of: ``random = new Random();  latitud = random.nextInt(); longitud = random.nextInt(); . . . '' : Error in method invocation: Method put( java.lang.String, int ) not found in class'org.apache.jmeter.threads.JMeterVariables'
2025-02-22 20:06:10,546 WARN o.a.j.m.BeanShellPreProcessor: Problem in BeanShell script. org.apache.jorphan.util.JMeterException: Error invoking bsh method: eval	Sourced file: inline evaluation of: ``random = new Random();  latitud = random.nextInt(); longitud = random.nextInt(); . . . '' : Error in method invocation: Method put( java.lang.String, int ) not found in class'org.apache.jmeter.threads.JMeterVariables'
2025-02-22 20:06:10,657 INFO o.a.j.t.JMeterThread: Thread started: Hilos dummy de proceso 1-64
2025-02-22 20:06:10,660 ERROR o.a.j.u.BeanShellInterpreter: Error invoking bsh method: eval	Sourced file: inline evaluation of: ``random = new Random();  latitud = random.nextInt(); longitud = random.nextInt(); . . . '' : Error in method invocation: Method put( java.lang.String, int ) not found in class'org.apache.jmeter.threads.JMeterVariables'
2025-02-22 20:06:10,661 WARN o.a.j.m.BeanShellPreProcessor: Problem in BeanShell script. org.apache.jorphan.util.JMeterException: Error invoking bsh method: eval	Sourced file: inline evaluation of: ``random = new Random();  latitud = random.nextInt(); longitud = random.nextInt(); . . . '' : Error in method invocation: Method put( java.lang.String, int ) not found in class'org.apache.jmeter.threads.JMeterVariables'
2025-02-22 20:06:10,776 INFO o.a.j.t.JMeterThread: Thread started: Hilos dummy de proceso 1-65
2025-02-22 20:06:10,777 ERROR o.a.j.u.BeanShellInterpreter: Error invoking bsh method: eval	Sourced file: inline evaluation of: ``random = new Random();  latitud = random.nextInt(); longitud = random.nextInt(); . . . '' : Error in method invocation: Method put( java.lang.String, int ) not found in class'org.apache.jmeter.threads.JMeterVariables'
2025-02-22 20:06:10,778 WARN o.a.j.m.BeanShellPreProcessor: Problem in BeanShell script. org.apache.jorphan.util.JMeterException: Error invoking bsh method: eval	Sourced file: inline evaluation of: ``random = new Random();  latitud = random.nextInt(); longitud = random.nextInt(); . . . '' : Error in method invocation: Method put( java.lang.String, int ) not found in class'org.apache.jmeter.threads.JMeterVariables'
2025-02-22 20:06:10,894 INFO o.a.j.t.JMeterThread: Thread started: Hilos dummy de proceso 1-66
2025-02-22 20:06:10,895 ERROR o.a.j.u.BeanShellInterpreter: Error invoking bsh method: eval	Sourced file: inline evaluation of: ``random = new Random();  latitud = random.nextInt(); longitud = random.nextInt(); . . . '' : Error in method invocation: Method put( java.lang.String, int ) not found in class'org.apache.jmeter.threads.JMeterVariables'
2025-02-22 20:06:10,895 WARN o.a.j.m.BeanShellPreProcessor: Problem in BeanShell script. org.apache.jorphan.util.JMeterException: Error invoking bsh method: eval	Sourced file: inline evaluation of: ``random = new Random();  latitud = random.nextInt(); longitud = random.nextInt(); . . . '' : Error in method invocation: Method put( java.lang.String, int ) not found in class'org.apache.jmeter.threads.JMeterVariables'
2025-02-22 20:06:11,017 INFO o.a.j.t.JMeterThread: Thread started: Hilos dummy de proceso 1-67
2025-02-22 20:06:11,018 ERROR o.a.j.u.BeanShellInterpreter: Error invoking bsh method: eval	Sourced file: inline evaluation of: ``random = new Random();  latitud = random.nextInt(); longitud = random.nextInt(); . . . '' : Error in method invocation: Method put( java.lang.String, int ) not found in class'org.apache.jmeter.threads.JMeterVariables'
2025-02-22 20:06:11,018 WARN o.a.j.m.BeanShellPreProcessor: Problem in BeanShell script. org.apache.jorphan.util.JMeterException: Error invoking bsh method: eval	Sourced file: inline evaluation of: ``random = new Random();  latitud = random.nextInt(); longitud = random.nextInt(); . . . '' : Error in method invocation: Method put( java.lang.String, int ) not found in class'org.apache.jmeter.threads.JMeterVariables'
2025-02-22 20:06:11,136 INFO o.a.j.t.JMeterThread: Thread started: Hilos dummy de proceso 1-68
2025-02-22 20:06:11,137 ERROR o.a.j.u.BeanShellInterpreter: Error invoking bsh method: eval	Sourced file: inline evaluation of: ``random = new Random();  latitud = random.nextInt(); longitud = random.nextInt(); . . . '' : Error in method invocation: Method put( java.lang.String, int ) not found in class'org.apache.jmeter.threads.JMeterVariables'
2025-02-22 20:06:11,137 WARN o.a.j.m.BeanShellPreProcessor: Problem in BeanShell script. org.apache.jorphan.util.JMeterException: Error invoking bsh method: eval	Sourced file: inline evaluation of: ``random = new Random();  latitud = random.nextInt(); longitud = random.nextInt(); . . . '' : Error in method invocation: Method put( java.lang.String, int ) not found in class'org.apache.jmeter.threads.JMeterVariables'
2025-02-22 20:06:11,253 INFO o.a.j.t.JMeterThread: Thread started: Hilos dummy de proceso 1-69
2025-02-22 20:06:11,254 ERROR o.a.j.u.BeanShellInterpreter: Error invoking bsh method: eval	Sourced file: inline evaluation of: ``random = new Random();  latitud = random.nextInt(); longitud = random.nextInt(); . . . '' : Error in method invocation: Method put( java.lang.String, int ) not found in class'org.apache.jmeter.threads.JMeterVariables'
2025-02-22 20:06:11,255 WARN o.a.j.m.BeanShellPreProcessor: Problem in BeanShell script. org.apache.jorphan.util.JMeterException: Error invoking bsh method: eval	Sourced file: inline evaluation of: ``random = new Random();  latitud = random.nextInt(); longitud = random.nextInt(); . . . '' : Error in method invocation: Method put( java.lang.String, int ) not found in class'org.apache.jmeter.threads.JMeterVariables'
2025-02-22 20:06:11,373 INFO o.a.j.t.JMeterThread: Thread started: Hilos dummy de proceso 1-70
2025-02-22 20:06:11,374 ERROR o.a.j.u.BeanShellInterpreter: Error invoking bsh method: eval	Sourced file: inline evaluation of: ``random = new Random();  latitud = random.nextInt(); longitud = random.nextInt(); . . . '' : Error in method invocation: Method put( java.lang.String, int ) not found in class'org.apache.jmeter.threads.JMeterVariables'
2025-02-22 20:06:11,374 WARN o.a.j.m.BeanShellPreProcessor: Problem in BeanShell script. org.apache.jorphan.util.JMeterException: Error invoking bsh method: eval	Sourced file: inline evaluation of: ``random = new Random();  latitud = random.nextInt(); longitud = random.nextInt(); . . . '' : Error in method invocation: Method put( java.lang.String, int ) not found in class'org.apache.jmeter.threads.JMeterVariables'
2025-02-22 20:06:11,494 INFO o.a.j.t.JMeterThread: Thread started: Hilos dummy de proceso 1-71
2025-02-22 20:06:11,495 ERROR o.a.j.u.BeanShellInterpreter: Error invoking bsh method: eval	Sourced file: inline evaluation of: ``random = new Random();  latitud = random.nextInt(); longitud = random.nextInt(); . . . '' : Error in method invocation: Method put( java.lang.String, int ) not found in class'org.apache.jmeter.threads.JMeterVariables'
2025-02-22 20:06:11,495 WARN o.a.j.m.BeanShellPreProcessor: Problem in BeanShell script. org.apache.jorphan.util.JMeterException: Error invoking bsh method: eval	Sourced file: inline evaluation of: ``random = new Random();  latitud = random.nextInt(); longitud = random.nextInt(); . . . '' : Error in method invocation: Method put( java.lang.String, int ) not found in class'org.apache.jmeter.threads.JMeterVariables'
2025-02-22 20:06:11,615 INFO o.a.j.t.JMeterThread: Thread started: Hilos dummy de proceso 1-72
2025-02-22 20:06:11,616 ERROR o.a.j.u.BeanShellInterpreter: Error invoking bsh method: eval	Sourced file: inline evaluation of: ``random = new Random();  latitud = random.nextInt(); longitud = random.nextInt(); . . . '' : Error in method invocation: Method put( java.lang.String, int ) not found in class'org.apache.jmeter.threads.JMeterVariables'
2025-02-22 20:06:11,616 WARN o.a.j.m.BeanShellPreProcessor: Problem in BeanShell script. org.apache.jorphan.util.JMeterException: Error invoking bsh method: eval	Sourced file: inline evaluation of: ``random = new Random();  latitud = random.nextInt(); longitud = random.nextInt(); . . . '' : Error in method invocation: Method put( java.lang.String, int ) not found in class'org.apache.jmeter.threads.JMeterVariables'
2025-02-22 20:06:11,736 INFO o.a.j.t.JMeterThread: Thread started: Hilos dummy de proceso 1-73
2025-02-22 20:06:11,738 ERROR o.a.j.u.BeanShellInterpreter: Error invoking bsh method: eval	Sourced file: inline evaluation of: ``random = new Random();  latitud = random.nextInt(); longitud = random.nextInt(); . . . '' : Error in method invocation: Method put( java.lang.String, int ) not found in class'org.apache.jmeter.threads.JMeterVariables'
2025-02-22 20:06:11,738 WARN o.a.j.m.BeanShellPreProcessor: Problem in BeanShell script. org.apache.jorphan.util.JMeterException: Error invoking bsh method: eval	Sourced file: inline evaluation of: ``random = new Random();  latitud = random.nextInt(); longitud = random.nextInt(); . . . '' : Error in method invocation: Method put( java.lang.String, int ) not found in class'org.apache.jmeter.threads.JMeterVariables'
2025-02-22 20:06:11,856 INFO o.a.j.t.JMeterThread: Thread started: Hilos dummy de proceso 1-74
2025-02-22 20:06:11,859 ERROR o.a.j.u.BeanShellInterpreter: Error invoking bsh method: eval	Sourced file: inline evaluation of: ``random = new Random();  latitud = random.nextInt(); longitud = random.nextInt(); . . . '' : Error in method invocation: Method put( java.lang.String, int ) not found in class'org.apache.jmeter.threads.JMeterVariables'
2025-02-22 20:06:11,859 WARN o.a.j.m.BeanShellPreProcessor: Problem in BeanShell script. org.apache.jorphan.util.JMeterException: Error invoking bsh method: eval	Sourced file: inline evaluation of: ``random = new Random();  latitud = random.nextInt(); longitud = random.nextInt(); . . . '' : Error in method invocation: Method put( java.lang.String, int ) not found in class'org.apache.jmeter.threads.JMeterVariables'
2025-02-22 20:06:11,976 INFO o.a.j.t.JMeterThread: Thread started: Hilos dummy de proceso 1-75
2025-02-22 20:06:11,979 ERROR o.a.j.u.BeanShellInterpreter: Error invoking bsh method: eval	Sourced file: inline evaluation of: ``random = new Random();  latitud = random.nextInt(); longitud = random.nextInt(); . . . '' : Error in method invocation: Method put( java.lang.String, int ) not found in class'org.apache.jmeter.threads.JMeterVariables'
2025-02-22 20:06:11,979 WARN o.a.j.m.BeanShellPreProcessor: Problem in BeanShell script. org.apache.jorphan.util.JMeterException: Error invoking bsh method: eval	Sourced file: inline evaluation of: ``random = new Random();  latitud = random.nextInt(); longitud = random.nextInt(); . . . '' : Error in method invocation: Method put( java.lang.String, int ) not found in class'org.apache.jmeter.threads.JMeterVariables'
2025-02-22 20:06:12,092 INFO o.a.j.t.JMeterThread: Thread started: Hilos dummy de proceso 1-76
2025-02-22 20:06:12,093 ERROR o.a.j.u.BeanShellInterpreter: Error invoking bsh method: eval	Sourced file: inline evaluation of: ``random = new Random();  latitud = random.nextInt(); longitud = random.nextInt(); . . . '' : Error in method invocation: Method put( java.lang.String, int ) not found in class'org.apache.jmeter.threads.JMeterVariables'
2025-02-22 20:06:12,093 WARN o.a.j.m.BeanShellPreProcessor: Problem in BeanShell script. org.apache.jorphan.util.JMeterException: Error invoking bsh method: eval	Sourced file: inline evaluation of: ``random = new Random();  latitud = random.nextInt(); longitud = random.nextInt(); . . . '' : Error in method invocation: Method put( java.lang.String, int ) not found in class'org.apache.jmeter.threads.JMeterVariables'
2025-02-22 20:06:12,216 INFO o.a.j.t.JMeterThread: Thread started: Hilos dummy de proceso 1-77
2025-02-22 20:06:12,217 ERROR o.a.j.u.BeanShellInterpreter: Error invoking bsh method: eval	Sourced file: inline evaluation of: ``random = new Random();  latitud = random.nextInt(); longitud = random.nextInt(); . . . '' : Error in method invocation: Method put( java.lang.String, int ) not found in class'org.apache.jmeter.threads.JMeterVariables'
2025-02-22 20:06:12,217 WARN o.a.j.m.BeanShellPreProcessor: Problem in BeanShell script. org.apache.jorphan.util.JMeterException: Error invoking bsh method: eval	Sourced file: inline evaluation of: ``random = new Random();  latitud = random.nextInt(); longitud = random.nextInt(); . . . '' : Error in method invocation: Method put( java.lang.String, int ) not found in class'org.apache.jmeter.threads.JMeterVariables'
2025-02-22 20:06:12,336 INFO o.a.j.t.JMeterThread: Thread started: Hilos dummy de proceso 1-78
2025-02-22 20:06:12,337 ERROR o.a.j.u.BeanShellInterpreter: Error invoking bsh method: eval	Sourced file: inline evaluation of: ``random = new Random();  latitud = random.nextInt(); longitud = random.nextInt(); . . . '' : Error in method invocation: Method put( java.lang.String, int ) not found in class'org.apache.jmeter.threads.JMeterVariables'
2025-02-22 20:06:12,337 WARN o.a.j.m.BeanShellPreProcessor: Problem in BeanShell script. org.apache.jorphan.util.JMeterException: Error invoking bsh method: eval	Sourced file: inline evaluation of: ``random = new Random();  latitud = random.nextInt(); longitud = random.nextInt(); . . . '' : Error in method invocation: Method put( java.lang.String, int ) not found in class'org.apache.jmeter.threads.JMeterVariables'
2025-02-22 20:06:12,453 INFO o.a.j.t.JMeterThread: Thread started: Hilos dummy de proceso 1-79
2025-02-22 20:06:12,454 ERROR o.a.j.u.BeanShellInterpreter: Error invoking bsh method: eval	Sourced file: inline evaluation of: ``random = new Random();  latitud = random.nextInt(); longitud = random.nextInt(); . . . '' : Error in method invocation: Method put( java.lang.String, int ) not found in class'org.apache.jmeter.threads.JMeterVariables'
2025-02-22 20:06:12,454 WARN o.a.j.m.BeanShellPreProcessor: Problem in BeanShell script. org.apache.jorphan.util.JMeterException: Error invoking bsh method: eval	Sourced file: inline evaluation of: ``random = new Random();  latitud = random.nextInt(); longitud = random.nextInt(); . . . '' : Error in method invocation: Method put( java.lang.String, int ) not found in class'org.apache.jmeter.threads.JMeterVariables'
2025-02-22 20:06:12,576 INFO o.a.j.t.JMeterThread: Thread started: Hilos dummy de proceso 1-80
2025-02-22 20:06:12,577 ERROR o.a.j.u.BeanShellInterpreter: Error invoking bsh method: eval	Sourced file: inline evaluation of: ``random = new Random();  latitud = random.nextInt(); longitud = random.nextInt(); . . . '' : Error in method invocation: Method put( java.lang.String, int ) not found in class'org.apache.jmeter.threads.JMeterVariables'
2025-02-22 20:06:12,578 WARN o.a.j.m.BeanShellPreProcessor: Problem in BeanShell script. org.apache.jorphan.util.JMeterException: Error invoking bsh method: eval	Sourced file: inline evaluation of: ``random = new Random();  latitud = random.nextInt(); longitud = random.nextInt(); . . . '' : Error in method invocation: Method put( java.lang.String, int ) not found in class'org.apache.jmeter.threads.JMeterVariables'
2025-02-22 20:06:12,691 INFO o.a.j.t.JMeterThread: Thread started: Hilos dummy de proceso 1-81
2025-02-22 20:06:12,693 ERROR o.a.j.u.BeanShellInterpreter: Error invoking bsh method: eval	Sourced file: inline evaluation of: ``random = new Random();  latitud = random.nextInt(); longitud = random.nextInt(); . . . '' : Error in method invocation: Method put( java.lang.String, int ) not found in class'org.apache.jmeter.threads.JMeterVariables'
2025-02-22 20:06:12,693 WARN o.a.j.m.BeanShellPreProcessor: Problem in BeanShell script. org.apache.jorphan.util.JMeterException: Error invoking bsh method: eval	Sourced file: inline evaluation of: ``random = new Random();  latitud = random.nextInt(); longitud = random.nextInt(); . . . '' : Error in method invocation: Method put( java.lang.String, int ) not found in class'org.apache.jmeter.threads.JMeterVariables'
2025-02-22 20:06:12,816 INFO o.a.j.t.JMeterThread: Thread started: Hilos dummy de proceso 1-82
2025-02-22 20:06:12,819 ERROR o.a.j.u.BeanShellInterpreter: Error invoking bsh method: eval	Sourced file: inline evaluation of: ``random = new Random();  latitud = random.nextInt(); longitud = random.nextInt(); . . . '' : Error in method invocation: Method put( java.lang.String, int ) not found in class'org.apache.jmeter.threads.JMeterVariables'
2025-02-22 20:06:12,819 WARN o.a.j.m.BeanShellPreProcessor: Problem in BeanShell script. org.apache.jorphan.util.JMeterException: Error invoking bsh method: eval	Sourced file: inline evaluation of: ``random = new Random();  latitud = random.nextInt(); longitud = random.nextInt(); . . . '' : Error in method invocation: Method put( java.lang.String, int ) not found in class'org.apache.jmeter.threads.JMeterVariables'
2025-02-22 20:06:12,932 INFO o.a.j.t.JMeterThread: Thread started: Hilos dummy de proceso 1-83
2025-02-22 20:06:12,935 ERROR o.a.j.u.BeanShellInterpreter: Error invoking bsh method: eval	Sourced file: inline evaluation of: ``random = new Random();  latitud = random.nextInt(); longitud = random.nextInt(); . . . '' : Error in method invocation: Method put( java.lang.String, int ) not found in class'org.apache.jmeter.threads.JMeterVariables'
2025-02-22 20:06:12,935 WARN o.a.j.m.BeanShellPreProcessor: Problem in BeanShell script. org.apache.jorphan.util.JMeterException: Error invoking bsh method: eval	Sourced file: inline evaluation of: ``random = new Random();  latitud = random.nextInt(); longitud = random.nextInt(); . . . '' : Error in method invocation: Method put( java.lang.String, int ) not found in class'org.apache.jmeter.threads.JMeterVariables'
2025-02-22 20:06:13,053 INFO o.a.j.t.JMeterThread: Thread started: Hilos dummy de proceso 1-84
2025-02-22 20:06:13,054 ERROR o.a.j.u.BeanShellInterpreter: Error invoking bsh method: eval	Sourced file: inline evaluation of: ``random = new Random();  latitud = random.nextInt(); longitud = random.nextInt(); . . . '' : Error in method invocation: Method put( java.lang.String, int ) not found in class'org.apache.jmeter.threads.JMeterVariables'
2025-02-22 20:06:13,054 WARN o.a.j.m.BeanShellPreProcessor: Problem in BeanShell script. org.apache.jorphan.util.JMeterException: Error invoking bsh method: eval	Sourced file: inline evaluation of: ``random = new Random();  latitud = random.nextInt(); longitud = random.nextInt(); . . . '' : Error in method invocation: Method put( java.lang.String, int ) not found in class'org.apache.jmeter.threads.JMeterVariables'
2025-02-22 20:06:13,176 INFO o.a.j.t.JMeterThread: Thread started: Hilos dummy de proceso 1-85
2025-02-22 20:06:13,177 ERROR o.a.j.u.BeanShellInterpreter: Error invoking bsh method: eval	Sourced file: inline evaluation of: ``random = new Random();  latitud = random.nextInt(); longitud = random.nextInt(); . . . '' : Error in method invocation: Method put( java.lang.String, int ) not found in class'org.apache.jmeter.threads.JMeterVariables'
2025-02-22 20:06:13,177 WARN o.a.j.m.BeanShellPreProcessor: Problem in BeanShell script. org.apache.jorphan.util.JMeterException: Error invoking bsh method: eval	Sourced file: inline evaluation of: ``random = new Random();  latitud = random.nextInt(); longitud = random.nextInt(); . . . '' : Error in method invocation: Method put( java.lang.String, int ) not found in class'org.apache.jmeter.threads.JMeterVariables'
2025-02-22 20:06:13,294 INFO o.a.j.t.JMeterThread: Thread started: Hilos dummy de proceso 1-86
2025-02-22 20:06:13,296 ERROR o.a.j.u.BeanShellInterpreter: Error invoking bsh method: eval	Sourced file: inline evaluation of: ``random = new Random();  latitud = random.nextInt(); longitud = random.nextInt(); . . . '' : Error in method invocation: Method put( java.lang.String, int ) not found in class'org.apache.jmeter.threads.JMeterVariables'
2025-02-22 20:06:13,296 WARN o.a.j.m.BeanShellPreProcessor: Problem in BeanShell script. org.apache.jorphan.util.JMeterException: Error invoking bsh method: eval	Sourced file: inline evaluation of: ``random = new Random();  latitud = random.nextInt(); longitud = random.nextInt(); . . . '' : Error in method invocation: Method put( java.lang.String, int ) not found in class'org.apache.jmeter.threads.JMeterVariables'
2025-02-22 20:06:13,415 INFO o.a.j.t.JMeterThread: Thread started: Hilos dummy de proceso 1-87
2025-02-22 20:06:13,417 ERROR o.a.j.u.BeanShellInterpreter: Error invoking bsh method: eval	Sourced file: inline evaluation of: ``random = new Random();  latitud = random.nextInt(); longitud = random.nextInt(); . . . '' : Error in method invocation: Method put( java.lang.String, int ) not found in class'org.apache.jmeter.threads.JMeterVariables'
2025-02-22 20:06:13,417 WARN o.a.j.m.BeanShellPreProcessor: Problem in BeanShell script. org.apache.jorphan.util.JMeterException: Error invoking bsh method: eval	Sourced file: inline evaluation of: ``random = new Random();  latitud = random.nextInt(); longitud = random.nextInt(); . . . '' : Error in method invocation: Method put( java.lang.String, int ) not found in class'org.apache.jmeter.threads.JMeterVariables'
2025-02-22 20:06:13,534 INFO o.a.j.t.JMeterThread: Thread started: Hilos dummy de proceso 1-88
2025-02-22 20:06:13,535 ERROR o.a.j.u.BeanShellInterpreter: Error invoking bsh method: eval	Sourced file: inline evaluation of: ``random = new Random();  latitud = random.nextInt(); longitud = random.nextInt(); . . . '' : Error in method invocation: Method put( java.lang.String, int ) not found in class'org.apache.jmeter.threads.JMeterVariables'
2025-02-22 20:06:13,535 WARN o.a.j.m.BeanShellPreProcessor: Problem in BeanShell script. org.apache.jorphan.util.JMeterException: Error invoking bsh method: eval	Sourced file: inline evaluation of: ``random = new Random();  latitud = random.nextInt(); longitud = random.nextInt(); . . . '' : Error in method invocation: Method put( java.lang.String, int ) not found in class'org.apache.jmeter.threads.JMeterVariables'
2025-02-22 20:06:13,656 INFO o.a.j.t.JMeterThread: Thread started: Hilos dummy de proceso 1-89
2025-02-22 20:06:13,657 ERROR o.a.j.u.BeanShellInterpreter: Error invoking bsh method: eval	Sourced file: inline evaluation of: ``random = new Random();  latitud = random.nextInt(); longitud = random.nextInt(); . . . '' : Error in method invocation: Method put( java.lang.String, int ) not found in class'org.apache.jmeter.threads.JMeterVariables'
2025-02-22 20:06:13,657 WARN o.a.j.m.BeanShellPreProcessor: Problem in BeanShell script. org.apache.jorphan.util.JMeterException: Error invoking bsh method: eval	Sourced file: inline evaluation of: ``random = new Random();  latitud = random.nextInt(); longitud = random.nextInt(); . . . '' : Error in method invocation: Method put( java.lang.String, int ) not found in class'org.apache.jmeter.threads.JMeterVariables'
2025-02-22 20:06:13,776 INFO o.a.j.t.JMeterThread: Thread started: Hilos dummy de proceso 1-90
2025-02-22 20:06:13,778 ERROR o.a.j.u.BeanShellInterpreter: Error invoking bsh method: eval	Sourced file: inline evaluation of: ``random = new Random();  latitud = random.nextInt(); longitud = random.nextInt(); . . . '' : Error in method invocation: Method put( java.lang.String, int ) not found in class'org.apache.jmeter.threads.JMeterVariables'
2025-02-22 20:06:13,778 WARN o.a.j.m.BeanShellPreProcessor: Problem in BeanShell script. org.apache.jorphan.util.JMeterException: Error invoking bsh method: eval	Sourced file: inline evaluation of: ``random = new Random();  latitud = random.nextInt(); longitud = random.nextInt(); . . . '' : Error in method invocation: Method put( java.lang.String, int ) not found in class'org.apache.jmeter.threads.JMeterVariables'
2025-02-22 20:06:13,895 INFO o.a.j.t.JMeterThread: Thread started: Hilos dummy de proceso 1-91
2025-02-22 20:06:13,900 ERROR o.a.j.u.BeanShellInterpreter: Error invoking bsh method: eval	Sourced file: inline evaluation of: ``random = new Random();  latitud = random.nextInt(); longitud = random.nextInt(); . . . '' : Error in method invocation: Method put( java.lang.String, int ) not found in class'org.apache.jmeter.threads.JMeterVariables'
2025-02-22 20:06:13,900 WARN o.a.j.m.BeanShellPreProcessor: Problem in BeanShell script. org.apache.jorphan.util.JMeterException: Error invoking bsh method: eval	Sourced file: inline evaluation of: ``random = new Random();  latitud = random.nextInt(); longitud = random.nextInt(); . . . '' : Error in method invocation: Method put( java.lang.String, int ) not found in class'org.apache.jmeter.threads.JMeterVariables'
2025-02-22 20:06:14,017 INFO o.a.j.t.JMeterThread: Thread started: Hilos dummy de proceso 1-92
2025-02-22 20:06:14,019 ERROR o.a.j.u.BeanShellInterpreter: Error invoking bsh method: eval	Sourced file: inline evaluation of: ``random = new Random();  latitud = random.nextInt(); longitud = random.nextInt(); . . . '' : Error in method invocation: Method put( java.lang.String, int ) not found in class'org.apache.jmeter.threads.JMeterVariables'
2025-02-22 20:06:14,019 WARN o.a.j.m.BeanShellPreProcessor: Problem in BeanShell script. org.apache.jorphan.util.JMeterException: Error invoking bsh method: eval	Sourced file: inline evaluation of: ``random = new Random();  latitud = random.nextInt(); longitud = random.nextInt(); . . . '' : Error in method invocation: Method put( java.lang.String, int ) not found in class'org.apache.jmeter.threads.JMeterVariables'
2025-02-22 20:06:14,134 INFO o.a.j.t.JMeterThread: Thread started: Hilos dummy de proceso 1-93
2025-02-22 20:06:14,135 ERROR o.a.j.u.BeanShellInterpreter: Error invoking bsh method: eval	Sourced file: inline evaluation of: ``random = new Random();  latitud = random.nextInt(); longitud = random.nextInt(); . . . '' : Error in method invocation: Method put( java.lang.String, int ) not found in class'org.apache.jmeter.threads.JMeterVariables'
2025-02-22 20:06:14,135 WARN o.a.j.m.BeanShellPreProcessor: Problem in BeanShell script. org.apache.jorphan.util.JMeterException: Error invoking bsh method: eval	Sourced file: inline evaluation of: ``random = new Random();  latitud = random.nextInt(); longitud = random.nextInt(); . . . '' : Error in method invocation: Method put( java.lang.String, int ) not found in class'org.apache.jmeter.threads.JMeterVariables'
2025-02-22 20:06:14,253 INFO o.a.j.t.JMeterThread: Thread started: Hilos dummy de proceso 1-94
2025-02-22 20:06:14,255 ERROR o.a.j.u.BeanShellInterpreter: Error invoking bsh method: eval	Sourced file: inline evaluation of: ``random = new Random();  latitud = random.nextInt(); longitud = random.nextInt(); . . . '' : Error in method invocation: Method put( java.lang.String, int ) not found in class'org.apache.jmeter.threads.JMeterVariables'
2025-02-22 20:06:14,255 WARN o.a.j.m.BeanShellPreProcessor: Problem in BeanShell script. org.apache.jorphan.util.JMeterException: Error invoking bsh method: eval	Sourced file: inline evaluation of: ``random = new Random();  latitud = random.nextInt(); longitud = random.nextInt(); . . . '' : Error in method invocation: Method put( java.lang.String, int ) not found in class'org.apache.jmeter.threads.JMeterVariables'
2025-02-22 20:06:14,375 INFO o.a.j.t.JMeterThread: Thread started: Hilos dummy de proceso 1-95
2025-02-22 20:06:14,377 ERROR o.a.j.u.BeanShellInterpreter: Error invoking bsh method: eval	Sourced file: inline evaluation of: ``random = new Random();  latitud = random.nextInt(); longitud = random.nextInt(); . . . '' : Error in method invocation: Method put( java.lang.String, int ) not found in class'org.apache.jmeter.threads.JMeterVariables'
2025-02-22 20:06:14,377 WARN o.a.j.m.BeanShellPreProcessor: Problem in BeanShell script. org.apache.jorphan.util.JMeterException: Error invoking bsh method: eval	Sourced file: inline evaluation of: ``random = new Random();  latitud = random.nextInt(); longitud = random.nextInt(); . . . '' : Error in method invocation: Method put( java.lang.String, int ) not found in class'org.apache.jmeter.threads.JMeterVariables'
2025-02-22 20:06:14,495 INFO o.a.j.t.JMeterThread: Thread started: Hilos dummy de proceso 1-96
2025-02-22 20:06:14,496 ERROR o.a.j.u.BeanShellInterpreter: Error invoking bsh method: eval	Sourced file: inline evaluation of: ``random = new Random();  latitud = random.nextInt(); longitud = random.nextInt(); . . . '' : Error in method invocation: Method put( java.lang.String, int ) not found in class'org.apache.jmeter.threads.JMeterVariables'
2025-02-22 20:06:14,496 WARN o.a.j.m.BeanShellPreProcessor: Problem in BeanShell script. org.apache.jorphan.util.JMeterException: Error invoking bsh method: eval	Sourced file: inline evaluation of: ``random = new Random();  latitud = random.nextInt(); longitud = random.nextInt(); . . . '' : Error in method invocation: Method put( java.lang.String, int ) not found in class'org.apache.jmeter.threads.JMeterVariables'
2025-02-22 20:06:14,611 INFO o.a.j.t.JMeterThread: Thread started: Hilos dummy de proceso 1-97
2025-02-22 20:06:14,612 ERROR o.a.j.u.BeanShellInterpreter: Error invoking bsh method: eval	Sourced file: inline evaluation of: ``random = new Random();  latitud = random.nextInt(); longitud = random.nextInt(); . . . '' : Error in method invocation: Method put( java.lang.String, int ) not found in class'org.apache.jmeter.threads.JMeterVariables'
2025-02-22 20:06:14,612 WARN o.a.j.m.BeanShellPreProcessor: Problem in BeanShell script. org.apache.jorphan.util.JMeterException: Error invoking bsh method: eval	Sourced file: inline evaluation of: ``random = new Random();  latitud = random.nextInt(); longitud = random.nextInt(); . . . '' : Error in method invocation: Method put( java.lang.String, int ) not found in class'org.apache.jmeter.threads.JMeterVariables'
2025-02-22 20:06:14,735 INFO o.a.j.t.JMeterThread: Thread started: Hilos dummy de proceso 1-98
2025-02-22 20:06:14,736 ERROR o.a.j.u.BeanShellInterpreter: Error invoking bsh method: eval	Sourced file: inline evaluation of: ``random = new Random();  latitud = random.nextInt(); longitud = random.nextInt(); . . . '' : Error in method invocation: Method put( java.lang.String, int ) not found in class'org.apache.jmeter.threads.JMeterVariables'
2025-02-22 20:06:14,737 WARN o.a.j.m.BeanShellPreProcessor: Problem in BeanShell script. org.apache.jorphan.util.JMeterException: Error invoking bsh method: eval	Sourced file: inline evaluation of: ``random = new Random();  latitud = random.nextInt(); longitud = random.nextInt(); . . . '' : Error in method invocation: Method put( java.lang.String, int ) not found in class'org.apache.jmeter.threads.JMeterVariables'
2025-02-22 20:06:14,852 INFO o.a.j.t.JMeterThread: Thread started: Hilos dummy de proceso 1-99
2025-02-22 20:06:14,855 ERROR o.a.j.u.BeanShellInterpreter: Error invoking bsh method: eval	Sourced file: inline evaluation of: ``random = new Random();  latitud = random.nextInt(); longitud = random.nextInt(); . . . '' : Error in method invocation: Method put( java.lang.String, int ) not found in class'org.apache.jmeter.threads.JMeterVariables'
2025-02-22 20:06:14,855 WARN o.a.j.m.BeanShellPreProcessor: Problem in BeanShell script. org.apache.jorphan.util.JMeterException: Error invoking bsh method: eval	Sourced file: inline evaluation of: ``random = new Random();  latitud = random.nextInt(); longitud = random.nextInt(); . . . '' : Error in method invocation: Method put( java.lang.String, int ) not found in class'org.apache.jmeter.threads.JMeterVariables'
2025-02-22 20:06:14,976 INFO o.a.j.t.JMeterThread: Thread started: Hilos dummy de proceso 1-100
2025-02-22 20:06:14,977 ERROR o.a.j.u.BeanShellInterpreter: Error invoking bsh method: eval	Sourced file: inline evaluation of: ``random = new Random();  latitud = random.nextInt(); longitud = random.nextInt(); . . . '' : Error in method invocation: Method put( java.lang.String, int ) not found in class'org.apache.jmeter.threads.JMeterVariables'
2025-02-22 20:06:14,977 WARN o.a.j.m.BeanShellPreProcessor: Problem in BeanShell script. org.apache.jorphan.util.JMeterException: Error invoking bsh method: eval	Sourced file: inline evaluation of: ``random = new Random();  latitud = random.nextInt(); longitud = random.nextInt(); . . . '' : Error in method invocation: Method put( java.lang.String, int ) not found in class'org.apache.jmeter.threads.JMeterVariables'
2025-02-22 20:06:56,519 INFO o.a.j.r.ResultCollector: Shutdown hook started
2025-02-22 20:06:56,521 INFO o.a.j.r.ResultCollector: Shutdown hook ended
